(2020-12-01 20:40:44,698) [START] Job-0 Started Execution
(2020-12-01 20:40:44,699) [INFO] Allotting task-{'task_id': '0_M0', 'duration': 2} to 4001 [SUCCESS]
(2020-12-01 20:40:44,701) [INFO] Allotting task-{'task_id': '0_M1', 'duration': 1} to 4001 [SUCCESS]
(2020-12-01 20:40:44,702) [INFO] Allotting task-{'task_id': '0_M2', 'duration': 3} to 4001 [SUCCESS]
(2020-12-01 20:40:44,702) [INFO] Allotting task-{'task_id': '0_M3', 'duration': 1} to 4000 [SUCCESS]
(2020-12-01 20:40:47,715) [INFO] Allotting task-{'task_id': '0_R0', 'duration': 1} to 4001 [SUCCESS]
(2020-12-01 20:40:47,715) [INFO] Allotting task-{'task_id': '0_R1', 'duration': 3} to 4001 [SUCCESS]
(2020-12-01 20:40:47,836) [START] Job-1 Started Execution
(2020-12-01 20:40:47,836) [INFO] Allotting task-{'task_id': '1_M0', 'duration': 1} to 4000 [SUCCESS]
(2020-12-01 20:40:47,836) [INFO] Allotting task-{'task_id': '1_M1', 'duration': 1} to 4000 [SUCCESS]
(2020-12-01 20:40:47,837) [INFO] Allotting task-{'task_id': '1_M2', 'duration': 1} to 4001 [SUCCESS]
(2020-12-01 20:40:48,616) [START] Job-2 Started Execution
(2020-12-01 20:40:48,617) [INFO] Allotting task-{'task_id': '2_M0', 'duration': 3} to 4001 [SUCCESS]
(2020-12-01 20:40:48,618) [INFO] Allotting task-{'task_id': '2_M1', 'duration': 4} to 4001 [SUCCESS]
(2020-12-01 20:40:48,618) [INFO] Allotting task-{'task_id': '2_M2', 'duration': 1} to 4000 [SUCCESS]
(2020-12-01 20:40:48,756) [START] Job-3 Started Execution
(2020-12-01 20:40:48,757) [INFO] Allotting task-{'task_id': '3_M0', 'duration': 4} to 4001 [SUCCESS]
(2020-12-01 20:40:48,757) [INFO] Allotting task-{'task_id': '3_M1', 'duration': 4} to 4001 [SUCCESS]
(2020-12-01 20:40:48,758) [INFO] Allotting task-{'task_id': '3_M2', 'duration': 4} to 4002 [SUCCESS]
(2020-12-01 20:40:48,860) [INFO] Allotting task-{'task_id': '1_R0', 'duration': 1} to 4000 [SUCCESS]
(2020-12-01 20:40:49,155) [START] Job-4 Started Execution
(2020-12-01 20:40:49,156) [INFO] Allotting task-{'task_id': '4_M0', 'duration': 2} to 4000 [SUCCESS]
(2020-12-01 20:40:49,867) [FINISH] JOB 1 Finished execution. Total duration - 2031.510
(2020-12-01 20:40:50,724) [FINISH] JOB 0 Finished execution. Total duration - 6025.167
(2020-12-01 20:40:51,059) [START] Job-5 Started Execution
(2020-12-01 20:40:51,059) [INFO] Allotting task-{'task_id': '5_M0', 'duration': 3} to 4000 [SUCCESS]
(2020-12-01 20:40:51,060) [INFO] Allotting task-{'task_id': '5_M1', 'duration': 3} to 4000 [SUCCESS]
(2020-12-01 20:40:51,060) [INFO] Allotting task-{'task_id': '5_M2', 'duration': 4} to 4000 [SUCCESS]
(2020-12-01 20:40:51,061) [INFO] Allotting task-{'task_id': '5_M3', 'duration': 4} to 4001 [SUCCESS]
(2020-12-01 20:40:51,067) [START] Job-6 Started Execution
(2020-12-01 20:40:51,067) [INFO] Allotting task-{'task_id': '6_M0', 'duration': 4} to 4001 [SUCCESS]
(2020-12-01 20:40:51,068) [INFO] Allotting task-{'task_id': '6_M1', 'duration': 2} to 4001 [SUCCESS]
(2020-12-01 20:40:51,068) [INFO] Allotting task-{'task_id': '6_M2', 'duration': 4} to 4002 [SUCCESS]
(2020-12-01 20:40:51,069) [INFO] Allotting task-{'task_id': '6_M3', 'duration': 3} to 4002 [SUCCESS]
(2020-12-01 20:40:51,165) [INFO] Allotting task-{'task_id': '4_R0', 'duration': 4} to 4000 [SUCCESS]
(2020-12-01 20:40:51,165) [INFO] Allotting task-{'task_id': '4_R1', 'duration': 2} to 4000 [SUCCESS]
(2020-12-01 20:40:51,692) [START] Job-7 Started Execution
(2020-12-01 20:40:51,692) [INFO] Allotting task-{'task_id': '7_M0', 'duration': 4} to 4001 [SUCCESS]
(2020-12-01 20:40:51,693) [INFO] Allotting task-{'task_id': '7_M1', 'duration': 4} to 4001 [FAILED]
(2020-12-01 20:40:52,695) [INFO] Allotting task-{'task_id': '7_M1', 'duration': 4} to 4001 [SUCCESS]
(2020-12-01 20:40:52,698) [INFO] Allotting task-{'task_id': '7_M2', 'duration': 4} to 4001 [FAILED]
(2020-12-01 20:40:53,701) [INFO] Allotting task-{'task_id': '7_M2', 'duration': 4} to 4001 [SUCCESS]
(2020-12-01 20:40:53,701) [INFO] Allotting task-{'task_id': '2_R0', 'duration': 3} to 4001 [SUCCESS]
(2020-12-01 20:40:53,702) [INFO] Allotting task-{'task_id': '2_R1', 'duration': 4} to 4001 [SUCCESS]
(2020-12-01 20:40:53,702) [START] Job-8 Started Execution
(2020-12-01 20:40:53,703) [INFO] Allotting task-{'task_id': '8_M0', 'duration': 3} to 4000 [SUCCESS]
(2020-12-01 20:40:53,704) [INFO] Allotting task-{'task_id': '8_M1', 'duration': 2} to 4000 [FAILED]
(2020-12-01 20:40:53,704) [INFO] Allotting task-{'task_id': '8_M1', 'duration': 2} to 4002 [SUCCESS]
(2020-12-01 20:40:53,705) [INFO] Allotting task-{'task_id': '3_R0', 'duration': 3} to 4002 [FAILED]
(2020-12-01 20:40:54,706) [INFO] Allotting task-{'task_id': '3_R0', 'duration': 3} to 4000 [SUCCESS]
(2020-12-01 20:40:55,075) [INFO] Allotting task-{'task_id': '5_R0', 'duration': 4} to 4000 [SUCCESS]
(2020-12-01 20:40:55,075) [INFO] Allotting task-{'task_id': '5_R1', 'duration': 3} to 4000 [SUCCESS]
(2020-12-01 20:40:55,081) [INFO] Allotting task-{'task_id': '6_R0', 'duration': 4} to 4001 [SUCCESS]
(2020-12-01 20:40:55,179) [START] Job-9 Started Execution
(2020-12-01 20:40:55,179) [FINISH] JOB 4 Finished execution. Total duration - 6023.906
(2020-12-01 20:40:55,180) [INFO] Allotting task-{'task_id': '9_M0', 'duration': 4} to 4002 [SUCCESS]
(2020-12-01 20:40:55,180) [INFO] Allotting task-{'task_id': '9_M1', 'duration': 4} to 4002 [SUCCESS]
(2020-12-01 20:40:55,181) [INFO] Allotting task-{'task_id': '9_M2', 'duration': 2} to 4000 [SUCCESS]
(2020-12-01 20:40:55,181) [INFO] Allotting task-{'task_id': '9_M3', 'duration': 4} to 4000 [FAILED]
(2020-12-01 20:40:55,181) [INFO] Allotting task-{'task_id': '9_M3', 'duration': 4} to 4001 [SUCCESS]
(2020-12-01 20:40:56,105) [START] Job-10 Started Execution
(2020-12-01 20:40:56,106) [INFO] Allotting task-{'task_id': '10_M0', 'duration': 2} to 4001 [SUCCESS]
(2020-12-01 20:40:56,106) [INFO] Allotting task-{'task_id': '10_M1', 'duration': 4} to 4001 [FAILED]
(2020-12-01 20:40:56,106) [INFO] Allotting task-{'task_id': '10_M1', 'duration': 4} to 4002 [SUCCESS]
(2020-12-01 20:40:56,107) [INFO] Allotting task-{'task_id': '10_M2', 'duration': 3} to 4002 [FAILED]
(2020-12-01 20:40:57,109) [INFO] Allotting task-{'task_id': '10_M2', 'duration': 3} to 4001 [SUCCESS]
(2020-12-01 20:40:57,109) [INFO] Allotting task-{'task_id': '8_R0', 'duration': 3} to 4000 [SUCCESS]
(2020-12-01 20:40:57,110) [INFO] Allotting task-{'task_id': '8_R1', 'duration': 3} to 4000 [FAILED]
(2020-12-01 20:40:57,110) [INFO] Allotting task-{'task_id': '8_R1', 'duration': 3} to 4001 [SUCCESS]
(2020-12-01 20:40:57,110) [START] Job-11 Started Execution
(2020-12-01 20:40:57,111) [INFO] Allotting task-{'task_id': '11_M0', 'duration': 2} to 4001 [FAILED]
(2020-12-01 20:40:57,709) [FINISH] JOB 2 Finished execution. Total duration - 9092.825
(2020-12-01 20:40:57,713) [FINISH] JOB 3 Finished execution. Total duration - 8956.594
(2020-12-01 20:40:58,112) [INFO] Allotting task-{'task_id': '11_M0', 'duration': 2} to 4000 [SUCCESS]
(2020-12-01 20:40:58,113) [INFO] Allotting task-{'task_id': '11_M1', 'duration': 1} to 4001 [SUCCESS]
(2020-12-01 20:40:58,113) [INFO] Allotting task-{'task_id': '11_M2', 'duration': 2} to 4000 [SUCCESS]
(2020-12-01 20:40:58,114) [INFO] Allotting task-{'task_id': '11_M3', 'duration': 2} to 4000 [SUCCESS]
(2020-12-01 20:40:58,114) [INFO] Allotting task-{'task_id': '7_R0', 'duration': 2} to 4001 [SUCCESS]
(2020-12-01 20:40:58,115) [INFO] Allotting task-{'task_id': '7_R1', 'duration': 2} to 4001 [SUCCESS]
(2020-12-01 20:40:58,115) [START] Job-12 Started Execution
(2020-12-01 20:40:58,115) [INFO] Allotting task-{'task_id': '12_M0', 'duration': 1} to 4001 [FAILED]
(2020-12-01 20:40:59,091) [FINISH] JOB 5 Finished execution. Total duration - 8032.086
(2020-12-01 20:40:59,092) [FINISH] JOB 6 Finished execution. Total duration - 8025.147
(2020-12-01 20:40:59,522) [INFO] Allotting task-{'task_id': '12_M0', 'duration': 1} to 4001 [SUCCESS]
(2020-12-01 20:40:59,526) [INFO] Allotting task-{'task_id': '12_M1', 'duration': 1} to 4001 [SUCCESS]
(2020-12-01 20:40:59,526) [INFO] Allotting task-{'task_id': '12_M2', 'duration': 2} to 4001 [SUCCESS]
(2020-12-01 20:40:59,527) [INFO] Allotting task-{'task_id': '12_M3', 'duration': 3} to 4002 [SUCCESS]
(2020-12-01 20:40:59,527) [INFO] Allotting task-{'task_id': '9_R0', 'duration': 3} to 4002 [SUCCESS]
(2020-12-01 20:40:59,528) [INFO] Allotting task-{'task_id': '9_R1', 'duration': 1} to 4002 [FAILED]
(2020-12-01 20:40:59,529) [INFO] Allotting task-{'task_id': '9_R1', 'duration': 1} to 4000 [SUCCESS]
(2020-12-01 20:40:59,529) [START] Job-13 Started Execution
(2020-12-01 20:40:59,529) [INFO] Allotting task-{'task_id': '13_M0', 'duration': 3} to 4000 [FAILED]
(2020-12-01 20:41:00,119) [FINISH] JOB 8 Finished execution. Total duration - 6416.050
(2020-12-01 20:41:00,121) [FINISH] JOB 7 Finished execution. Total duration - 8428.662
(2020-12-01 20:41:00,534) [INFO] Allotting task-{'task_id': '13_M0', 'duration': 3} to 4001 [SUCCESS]
(2020-12-01 20:41:00,534) [INFO] Allotting task-{'task_id': '13_M1', 'duration': 4} to 4001 [SUCCESS]
(2020-12-01 20:41:00,535) [INFO] Allotting task-{'task_id': '13_M2', 'duration': 4} to 4001 [SUCCESS]
(2020-12-01 20:41:00,535) [INFO] Allotting task-{'task_id': '13_M3', 'duration': 4} to 4000 [SUCCESS]
(2020-12-01 20:41:00,536) [INFO] Allotting task-{'task_id': '10_R0', 'duration': 3} to 4000 [SUCCESS]
(2020-12-01 20:41:00,536) [INFO] Allotting task-{'task_id': '10_R1', 'duration': 4} to 4000 [SUCCESS]
(2020-12-01 20:41:00,536) [START] Job-14 Started Execution
(2020-12-01 20:41:00,537) [INFO] Allotting task-{'task_id': '14_M0', 'duration': 3} to 4000 [SUCCESS]
(2020-12-01 20:41:00,537) [INFO] Allotting task-{'task_id': '14_M1', 'duration': 4} to 4001 [SUCCESS]
(2020-12-01 20:41:00,537) [INFO] Allotting task-{'task_id': '14_M2', 'duration': 3} to 4001 [SUCCESS]
(2020-12-01 20:41:00,538) [INFO] Allotting task-{'task_id': '14_M3', 'duration': 3} to 4001 [SUCCESS]
(2020-12-01 20:41:00,538) [INFO] Allotting task-{'task_id': '11_R0', 'duration': 4} to 4000 [SUCCESS]
(2020-12-01 20:41:00,538) [START] Job-15 Started Execution
(2020-12-01 20:41:00,538) [INFO] Allotting task-{'task_id': '15_M0', 'duration': 4} to 4000 [FAILED]
(2020-12-01 20:41:00,539) [INFO] Allotting task-{'task_id': '15_M0', 'duration': 4} to 4002 [SUCCESS]
(2020-12-01 20:41:00,539) [INFO] Allotting task-{'task_id': '15_M1', 'duration': 4} to 4002 [FAILED]
(2020-12-01 20:41:01,542) [INFO] Allotting task-{'task_id': '15_M1', 'duration': 4} to 4001 [SUCCESS]
(2020-12-01 20:41:01,544) [INFO] Allotting task-{'task_id': '15_M2', 'duration': 1} to 4001 [FAILED]
(2020-12-01 20:41:02,552) [FINISH] JOB 9 Finished execution. Total duration - 7372.354
(2020-12-01 20:41:03,554) [INFO] Allotting task-{'task_id': '15_M2', 'duration': 1} to 4002 [SUCCESS]
(2020-12-01 20:41:03,555) [INFO] Allotting task-{'task_id': '15_M3', 'duration': 3} to 4000 [SUCCESS]
(2020-12-01 20:41:03,555) [INFO] Allotting task-{'task_id': '12_R0', 'duration': 1} to 4000 [SUCCESS]
(2020-12-01 20:41:03,555) [INFO] Allotting task-{'task_id': '12_R1', 'duration': 4} to 4001 [SUCCESS]
(2020-12-01 20:41:03,555) [START] Job-16 Started Execution
(2020-12-01 20:41:03,556) [INFO] Allotting task-{'task_id': '16_M0', 'duration': 3} to 4001 [SUCCESS]
(2020-12-01 20:41:04,556) [FINISH] JOB 10 Finished execution. Total duration - 8450.568
(2020-12-01 20:41:04,561) [FINISH] JOB 11 Finished execution. Total duration - 7450.992
(2020-12-01 20:41:04,588) [INFO] Allotting task-{'task_id': '14_R0', 'duration': 4} to 4000 [SUCCESS]
(2020-12-01 20:41:04,588) [INFO] Allotting task-{'task_id': '14_R1', 'duration': 2} to 4000 [SUCCESS]
(2020-12-01 20:41:04,589) [INFO] Allotting task-{'task_id': '13_R0', 'duration': 3} to 4001 [SUCCESS]
(2020-12-01 20:41:04,898) [START] Job-17 Started Execution
(2020-12-01 20:41:04,898) [INFO] Allotting task-{'task_id': '17_M0', 'duration': 1} to 4001 [SUCCESS]
(2020-12-01 20:41:04,899) [INFO] Allotting task-{'task_id': '17_M1', 'duration': 3} to 4001 [SUCCESS]
(2020-12-01 20:41:04,900) [INFO] Allotting task-{'task_id': '17_M2', 'duration': 2} to 4002 [SUCCESS]
(2020-12-01 20:41:06,564) [INFO] Allotting task-{'task_id': '15_R0', 'duration': 1} to 4000 [SUCCESS]
(2020-12-01 20:41:06,564) [INFO] Allotting task-{'task_id': '15_R1', 'duration': 4} to 4001 [SUCCESS]
(2020-12-01 20:41:06,565) [INFO] Allotting task-{'task_id': '16_R0', 'duration': 1} to 4001 [SUCCESS]
(2020-12-01 20:41:07,072) [START] Job-18 Started Execution
(2020-12-01 20:41:07,073) [INFO] Allotting task-{'task_id': '18_M0', 'duration': 3} to 4000 [SUCCESS]
(2020-12-01 20:41:07,567) [FINISH] JOB 12 Finished execution. Total duration - 9451.834
(2020-12-01 20:41:07,578) [FINISH] JOB 16 Finished execution. Total duration - 4022.410
(2020-12-01 20:41:07,601) [FINISH] JOB 13 Finished execution. Total duration - 8072.117
(2020-12-01 20:41:07,708) [START] Job-19 Started Execution
(2020-12-01 20:41:07,709) [INFO] Allotting task-{'task_id': '19_M0', 'duration': 1} to 4001 [SUCCESS]
(2020-12-01 20:41:07,709) [INFO] Allotting task-{'task_id': '19_M1', 'duration': 2} to 4001 [SUCCESS]
(2020-12-01 20:41:07,710) [INFO] Allotting task-{'task_id': '19_M2', 'duration': 1} to 4001 [SUCCESS]
(2020-12-01 20:41:08,079) [INFO] Allotting task-{'task_id': '17_R0', 'duration': 2} to 4000 [SUCCESS]
(2020-12-01 20:41:08,079) [INFO] Allotting task-{'task_id': '17_R1', 'duration': 1} to 4001 [SUCCESS]
(2020-12-01 20:41:09,080) [FINISH] JOB 14 Finished execution. Total duration - 8543.625
(2020-12-01 20:41:09,720) [INFO] Allotting task-{'task_id': '19_R0', 'duration': 4} to 4001 [SUCCESS]
(2020-12-01 20:41:10,083) [FINISH] JOB 17 Finished execution. Total duration - 5185.455
(2020-12-01 20:41:10,084) [INFO] Allotting task-{'task_id': '18_R0', 'duration': 4} to 4001 [SUCCESS]
(2020-12-01 20:41:10,573) [FINISH] JOB 15 Finished execution. Total duration - 10035.076
(2020-12-01 20:41:13,732) [FINISH] JOB 19 Finished execution. Total duration - 6023.007
(2020-12-01 20:41:14,095) [FINISH] JOB 18 Finished execution. Total duration - 7022.670
(2020-12-01 23:35:23,862) [START] Job-0 Started Execution
(2020-12-01 23:35:23,862) [INFO] Allotting task-{'task_id': '0_M0', 'duration': 2} to 4000 [SUCCESS]
(2020-12-01 23:35:23,863) [INFO] Allotting task-{'task_id': '0_M1', 'duration': 2} to 4001 [SUCCESS]
(2020-12-01 23:35:23,863) [INFO] Allotting task-{'task_id': '0_M2', 'duration': 1} to 4001 [SUCCESS]
(2020-12-01 23:35:23,864) [INFO] Allotting task-{'task_id': '0_M3', 'duration': 4} to 4001 [SUCCESS]
(2020-12-01 23:35:50,179) [START] Job-0 Started Execution
(2020-12-01 23:35:50,179) [INFO] Allotting task-{'task_id': '0_M0', 'duration': 3} to 4001 [SUCCESS]
(2020-12-01 23:35:53,188) [INFO] Allotting task-{'task_id': '0_R0', 'duration': 1} to 4001 [SUCCESS]
(2020-12-01 23:35:54,195) [FINISH] JOB 0 Finished execution. Total duration - 4015.549
(2020-12-01 23:36:33,142) [START] Job-0 Started Execution
(2020-12-01 23:36:33,143) [INFO] Allotting task-{'task_id': '0_M0', 'duration': 3} to 4002 [SUCCESS]
(2020-12-01 23:36:33,143) [INFO] Allotting task-{'task_id': '0_M1', 'duration': 3} to 4000 [SUCCESS]
(2020-12-01 23:36:33,143) [INFO] Allotting task-{'task_id': '0_M2', 'duration': 2} to 4000 [SUCCESS]
(2020-12-01 23:36:33,144) [INFO] Allotting task-{'task_id': '0_M3', 'duration': 4} to 4001 [SUCCESS]
(2020-12-01 23:36:33,284) [START] Job-1 Started Execution
(2020-12-01 23:36:33,285) [INFO] Allotting task-{'task_id': '1_M0', 'duration': 3} to 4001 [SUCCESS]
(2020-12-01 23:36:36,298) [INFO] Allotting task-{'task_id': '1_R0', 'duration': 2} to 4001 [SUCCESS]
(2020-12-01 23:36:36,299) [INFO] Allotting task-{'task_id': '1_R1', 'duration': 3} to 4001 [SUCCESS]
(2020-12-01 23:36:37,159) [INFO] Allotting task-{'task_id': '0_R0', 'duration': 3} to 4000 [SUCCESS]
(2020-12-01 23:36:37,159) [INFO] Allotting task-{'task_id': '0_R1', 'duration': 3} to 4002 [SUCCESS]
(2020-12-01 23:36:39,307) [FINISH] JOB 1 Finished execution. Total duration - 6022.862
(2020-12-01 23:36:40,193) [FINISH] JOB 0 Finished execution. Total duration - 7050.454
(2020-12-01 23:37:46,997) [START] Job-0 Started Execution
(2020-12-01 23:37:46,997) [INFO] Allotting task-{'task_id': '0_M0', 'duration': 1} to 4000 [SUCCESS]
(2020-12-01 23:37:46,998) [INFO] Allotting task-{'task_id': '0_M1', 'duration': 3} to 4002 [SUCCESS]
(2020-12-01 23:37:49,080) [START] Job-1 Started Execution
(2020-12-01 23:37:49,081) [INFO] Allotting task-{'task_id': '1_M0', 'duration': 4} to 4001 [SUCCESS]
(2020-12-01 23:37:49,082) [INFO] Allotting task-{'task_id': '1_M1', 'duration': 3} to 4000 [SUCCESS]
(2020-12-01 23:37:49,083) [INFO] Allotting task-{'task_id': '1_M2', 'duration': 3} to 4001 [SUCCESS]
(2020-12-01 23:37:50,012) [INFO] Allotting task-{'task_id': '0_R0', 'duration': 4} to 4000 [SUCCESS]
(2020-12-01 23:37:50,012) [INFO] Allotting task-{'task_id': '0_R1', 'duration': 4} to 4002 [SUCCESS]
(2020-12-01 23:37:53,097) [INFO] Allotting task-{'task_id': '1_R0', 'duration': 4} to 4000 [SUCCESS]
(2020-12-01 23:37:53,097) [INFO] Allotting task-{'task_id': '1_R1', 'duration': 3} to 4002 [SUCCESS]
(2020-12-01 23:37:54,047) [FINISH] JOB 0 Finished execution. Total duration - 7050.302
(2020-12-01 23:37:57,111) [FINISH] JOB 1 Finished execution. Total duration - 8031.000
(2020-12-01 23:39:07,994) [START] Job-0 Started Execution
(2020-12-01 23:39:07,994) [INFO] Allotting task-{'task_id': '0_M0', 'duration': 2} to 4001 [SUCCESS]
(2020-12-01 23:39:08,378) [START] Job-1 Started Execution
(2020-12-01 23:39:08,380) [INFO] Allotting task-{'task_id': '1_M0', 'duration': 3} to 4000 [SUCCESS]
(2020-12-01 23:39:08,384) [INFO] Allotting task-{'task_id': '1_M1', 'duration': 4} to 4000 [SUCCESS]
(2020-12-01 23:39:08,385) [INFO] Allotting task-{'task_id': '1_M2', 'duration': 1} to 4000 [SUCCESS]
(2020-12-01 23:39:10,007) [INFO] Allotting task-{'task_id': '0_R0', 'duration': 3} to 4001 [SUCCESS]
(2020-12-01 23:39:12,398) [INFO] Allotting task-{'task_id': '1_R0', 'duration': 2} to 4002 [SUCCESS]
(2020-12-01 23:39:12,399) [INFO] Allotting task-{'task_id': '1_R1', 'duration': 3} to 4000 [SUCCESS]
(2020-12-01 23:39:13,020) [FINISH] JOB 0 Finished execution. Total duration - 5026.527
(2020-12-01 23:39:15,412) [FINISH] JOB 1 Finished execution. Total duration - 7034.159
(2020-12-01 23:40:23,309) [START] Job-0 Started Execution
(2020-12-01 23:40:23,309) [INFO] Allotting task-{'task_id': '0_M0', 'duration': 3} to 4002 [SUCCESS]
(2020-12-01 23:40:23,309) [INFO] Allotting task-{'task_id': '0_M1', 'duration': 2} to 4002 [SUCCESS]
(2020-12-01 23:40:23,491) [START] Job-1 Started Execution
(2020-12-01 23:40:23,491) [INFO] Allotting task-{'task_id': '1_M0', 'duration': 4} to 4000 [SUCCESS]
(2020-12-01 23:40:26,323) [INFO] Allotting task-{'task_id': '0_R0', 'duration': 1} to 4000 [SUCCESS]
(2020-12-01 23:40:27,335) [FINISH] JOB 0 Finished execution. Total duration - 4026.433
(2020-12-01 23:40:27,507) [INFO] Allotting task-{'task_id': '1_R0', 'duration': 3} to 4000 [SUCCESS]
(2020-12-01 23:40:30,521) [FINISH] JOB 1 Finished execution. Total duration - 7029.496
