(2020-12-01 20:40:44,701) [START] Task-0_M0 Started Execution
(2020-12-01 20:40:44,701) [START] Task-0_M1 Started Execution
(2020-12-01 20:40:44,705) [START] Task-0_M2 Started Execution
(2020-12-01 20:40:45,703) [FINISH] TASK 0_M1 Finished execution. Total duration - 1001.532
(2020-12-01 20:40:46,704) [FINISH] TASK 0_M0 Finished execution. Total duration - 2002.675
(2020-12-01 20:40:47,709) [FINISH] TASK 0_M2 Finished execution. Total duration - 3003.566
(2020-12-01 20:40:47,715) [START] Task-0_R0 Started Execution
(2020-12-01 20:40:47,715) [START] Task-0_R1 Started Execution
(2020-12-01 20:40:47,837) [START] Task-1_M2 Started Execution
(2020-12-01 20:40:48,617) [START] Task-2_M0 Started Execution
(2020-12-01 20:40:48,618) [START] Task-2_M1 Started Execution
(2020-12-01 20:40:48,716) [FINISH] TASK 0_R0 Finished execution. Total duration - 1000.846
(2020-12-01 20:40:48,757) [START] Task-3_M0 Started Execution
(2020-12-01 20:40:48,758) [START] Task-3_M1 Started Execution
(2020-12-01 20:40:48,838) [FINISH] TASK 1_M2 Finished execution. Total duration - 1000.890
(2020-12-01 20:40:50,718) [FINISH] TASK 0_R1 Finished execution. Total duration - 3002.610
(2020-12-01 20:40:51,061) [START] Task-5_M3 Started Execution
(2020-12-01 20:40:51,067) [START] Task-6_M0 Started Execution
(2020-12-01 20:40:51,068) [START] Task-6_M1 Started Execution
(2020-12-01 20:40:51,620) [FINISH] TASK 2_M0 Finished execution. Total duration - 3003.029
(2020-12-01 20:40:51,692) [START] Task-7_M0 Started Execution
(2020-12-01 20:40:52,623) [FINISH] TASK 2_M1 Finished execution. Total duration - 4004.809
(2020-12-01 20:40:52,696) [START] Task-7_M1 Started Execution
(2020-12-01 20:40:52,765) [FINISH] TASK 3_M1 Finished execution. Total duration - 4006.921
(2020-12-01 20:40:52,767) [FINISH] TASK 3_M0 Finished execution. Total duration - 4009.856
(2020-12-01 20:40:53,073) [FINISH] TASK 6_M1 Finished execution. Total duration - 2004.399
(2020-12-01 20:40:53,701) [START] Task-7_M2 Started Execution
(2020-12-01 20:40:53,701) [START] Task-2_R0 Started Execution
(2020-12-01 20:40:53,702) [START] Task-2_R1 Started Execution
(2020-12-01 20:40:55,069) [FINISH] TASK 5_M3 Finished execution. Total duration - 4007.456
(2020-12-01 20:40:55,075) [FINISH] TASK 6_M0 Finished execution. Total duration - 4007.646
(2020-12-01 20:40:55,082) [START] Task-6_R0 Started Execution
(2020-12-01 20:40:55,181) [START] Task-9_M3 Started Execution
(2020-12-01 20:40:55,701) [FINISH] TASK 7_M0 Finished execution. Total duration - 4008.323
(2020-12-01 20:40:56,106) [START] Task-10_M0 Started Execution
(2020-12-01 20:40:56,705) [FINISH] TASK 7_M1 Finished execution. Total duration - 4008.038
(2020-12-01 20:40:56,706) [FINISH] TASK 2_R0 Finished execution. Total duration - 3004.129
(2020-12-01 20:40:57,109) [START] Task-10_M2 Started Execution
(2020-12-01 20:40:57,110) [START] Task-8_R1 Started Execution
(2020-12-01 20:40:57,708) [FINISH] TASK 7_M2 Finished execution. Total duration - 4006.457
(2020-12-01 20:40:57,709) [FINISH] TASK 2_R1 Finished execution. Total duration - 4006.101
(2020-12-01 20:40:58,110) [FINISH] TASK 10_M0 Finished execution. Total duration - 2004.256
(2020-12-01 20:40:58,113) [START] Task-11_M1 Started Execution
(2020-12-01 20:40:58,114) [START] Task-7_R0 Started Execution
(2020-12-01 20:40:58,115) [START] Task-7_R1 Started Execution
(2020-12-01 20:40:59,091) [FINISH] TASK 6_R0 Finished execution. Total duration - 4009.181
(2020-12-01 20:40:59,115) [FINISH] TASK 11_M1 Finished execution. Total duration - 1001.862
(2020-12-01 20:40:59,211) [FINISH] TASK 9_M3 Finished execution. Total duration - 4029.178
(2020-12-01 20:40:59,523) [START] Task-12_M0 Started Execution
(2020-12-01 20:40:59,526) [START] Task-12_M1 Started Execution
(2020-12-01 20:40:59,527) [START] Task-12_M2 Started Execution
(2020-12-01 20:41:00,115) [FINISH] TASK 10_M2 Finished execution. Total duration - 3006.004
(2020-12-01 20:41:00,117) [FINISH] TASK 8_R1 Finished execution. Total duration - 3005.948
(2020-12-01 20:41:00,120) [FINISH] TASK 7_R0 Finished execution. Total duration - 2005.283
(2020-12-01 20:41:00,120) [FINISH] TASK 7_R1 Finished execution. Total duration - 2005.801
(2020-12-01 20:41:00,527) [FINISH] TASK 12_M0 Finished execution. Total duration - 1003.972
(2020-12-01 20:41:00,528) [FINISH] TASK 12_M1 Finished execution. Total duration - 1001.829
(2020-12-01 20:41:00,534) [START] Task-13_M0 Started Execution
(2020-12-01 20:41:00,535) [START] Task-13_M1 Started Execution
(2020-12-01 20:41:00,535) [START] Task-13_M2 Started Execution
(2020-12-01 20:41:00,537) [START] Task-14_M1 Started Execution
(2020-12-01 20:41:00,537) [START] Task-14_M2 Started Execution
(2020-12-01 20:41:00,538) [START] Task-14_M3 Started Execution
(2020-12-01 20:41:01,534) [FINISH] TASK 12_M2 Finished execution. Total duration - 2005.914
(2020-12-01 20:41:01,543) [START] Task-15_M1 Started Execution
(2020-12-01 20:41:03,550) [FINISH] TASK 13_M0 Finished execution. Total duration - 3015.620
(2020-12-01 20:41:03,552) [FINISH] TASK 14_M2 Finished execution. Total duration - 3013.782
(2020-12-01 20:41:03,553) [FINISH] TASK 14_M3 Finished execution. Total duration - 3014.722
(2020-12-01 20:41:03,556) [START] Task-12_R1 Started Execution
(2020-12-01 20:41:03,556) [START] Task-16_M0 Started Execution
(2020-12-01 20:41:04,552) [FINISH] TASK 13_M2 Finished execution. Total duration - 4017.088
(2020-12-01 20:41:04,555) [FINISH] TASK 14_M1 Finished execution. Total duration - 4017.893
(2020-12-01 20:41:04,555) [FINISH] TASK 13_M1 Finished execution. Total duration - 4020.640
(2020-12-01 20:41:04,589) [START] Task-13_R0 Started Execution
(2020-12-01 20:41:04,899) [START] Task-17_M0 Started Execution
(2020-12-01 20:41:04,899) [START] Task-17_M1 Started Execution
(2020-12-01 20:41:05,556) [FINISH] TASK 15_M1 Finished execution. Total duration - 4012.607
(2020-12-01 20:41:05,900) [FINISH] TASK 17_M0 Finished execution. Total duration - 1001.268
(2020-12-01 20:41:06,560) [FINISH] TASK 16_M0 Finished execution. Total duration - 3003.427
(2020-12-01 20:41:06,564) [START] Task-15_R1 Started Execution
(2020-12-01 20:41:06,565) [START] Task-16_R0 Started Execution
(2020-12-01 20:41:07,561) [FINISH] TASK 12_R1 Finished execution. Total duration - 4005.120
(2020-12-01 20:41:07,566) [FINISH] TASK 16_R0 Finished execution. Total duration - 1001.273
(2020-12-01 20:41:07,593) [FINISH] TASK 13_R0 Finished execution. Total duration - 3003.596
(2020-12-01 20:41:07,709) [START] Task-19_M0 Started Execution
(2020-12-01 20:41:07,709) [START] Task-19_M1 Started Execution
(2020-12-01 20:41:07,715) [START] Task-19_M2 Started Execution
(2020-12-01 20:41:08,073) [FINISH] TASK 17_M1 Finished execution. Total duration - 3173.631
(2020-12-01 20:41:08,080) [START] Task-17_R1 Started Execution
(2020-12-01 20:41:08,710) [FINISH] TASK 19_M0 Finished execution. Total duration - 1001.039
(2020-12-01 20:41:08,719) [FINISH] TASK 19_M2 Finished execution. Total duration - 1001.468
(2020-12-01 20:41:09,081) [FINISH] TASK 17_R1 Finished execution. Total duration - 1001.184
(2020-12-01 20:41:09,713) [FINISH] TASK 19_M1 Finished execution. Total duration - 2003.401
(2020-12-01 20:41:09,720) [START] Task-19_R0 Started Execution
(2020-12-01 20:41:10,084) [START] Task-18_R0 Started Execution
(2020-12-01 20:41:10,568) [FINISH] TASK 15_R1 Finished execution. Total duration - 4003.336
(2020-12-01 20:41:13,725) [FINISH] TASK 19_R0 Finished execution. Total duration - 4004.916
(2020-12-01 20:41:14,089) [FINISH] TASK 18_R0 Finished execution. Total duration - 4004.858
(2020-12-01 23:35:23,863) [START] Task-0_M1 Started Execution
(2020-12-01 23:35:23,864) [START] Task-0_M2 Started Execution
(2020-12-01 23:35:23,864) [START] Task-0_M3 Started Execution
(2020-12-01 23:35:24,865) [FINISH] TASK 0_M2 Finished execution. Total duration - 1001.234
(2020-12-01 23:35:50,179) [START] Task-0_M0 Started Execution
(2020-12-01 23:35:53,182) [FINISH] TASK 0_M0 Finished execution. Total duration - 3002.489
(2020-12-01 23:35:53,188) [START] Task-0_R0 Started Execution
(2020-12-01 23:35:54,189) [FINISH] TASK 0_R0 Finished execution. Total duration - 1001.214
(2020-12-01 23:36:33,144) [START] Task-0_M3 Started Execution
(2020-12-01 23:36:33,285) [START] Task-1_M0 Started Execution
(2020-12-01 23:36:36,288) [FINISH] TASK 1_M0 Finished execution. Total duration - 3002.771
(2020-12-01 23:36:36,299) [START] Task-1_R0 Started Execution
(2020-12-01 23:36:36,299) [START] Task-1_R1 Started Execution
(2020-12-01 23:36:37,148) [FINISH] TASK 0_M3 Finished execution. Total duration - 4004.023
(2020-12-01 23:36:38,301) [FINISH] TASK 1_R0 Finished execution. Total duration - 2002.141
(2020-12-01 23:36:39,302) [FINISH] TASK 1_R1 Finished execution. Total duration - 3002.760
(2020-12-01 23:37:49,082) [START] Task-1_M0 Started Execution
(2020-12-01 23:37:49,083) [START] Task-1_M2 Started Execution
(2020-12-01 23:37:52,085) [FINISH] TASK 1_M2 Finished execution. Total duration - 3001.752
(2020-12-01 23:37:53,086) [FINISH] TASK 1_M0 Finished execution. Total duration - 4003.975
(2020-12-01 23:39:07,994) [START] Task-0_M0 Started Execution
(2020-12-01 23:39:09,997) [FINISH] TASK 0_M0 Finished execution. Total duration - 2001.907
(2020-12-01 23:39:10,007) [START] Task-0_R0 Started Execution
(2020-12-01 23:39:13,010) [FINISH] TASK 0_R0 Finished execution. Total duration - 3002.620
(2020-12-01 23:50:02,836) [START] Task-0_M3 Started Execution
(2020-12-01 23:50:06,839) [FINISH] TASK 0_M3 Finished execution. Total duration - 4003.496
(2020-12-01 23:50:08,079) [START] Task-1_R1 Started Execution
(2020-12-01 23:50:17,416) [START] Task-0_M1 Started Execution
(2020-12-01 23:50:18,822) [START] Task-1_M1 Started Execution
(2020-12-01 23:50:20,419) [FINISH] TASK 0_M1 Finished execution. Total duration - 3003.143
(2020-12-01 23:50:21,825) [FINISH] TASK 1_M1 Finished execution. Total duration - 3002.406
(2020-12-01 23:50:22,838) [START] Task-1_R0 Started Execution
(2020-12-01 23:50:24,840) [FINISH] TASK 1_R0 Finished execution. Total duration - 2001.687
(2020-12-01 23:51:07,899) [START] Task-1_M0 Started Execution
(2020-12-01 23:51:09,319) [START] Task-2_M2 Started Execution
(2020-12-01 23:51:09,954) [START] Task-4_M0 Started Execution
(2020-12-01 23:51:10,320) [FINISH] TASK 2_M2 Finished execution. Total duration - 1000.969
(2020-12-01 23:51:10,902) [FINISH] TASK 1_M0 Finished execution. Total duration - 3003.189
(2020-12-01 23:51:10,911) [START] Task-1_R0 Started Execution
(2020-12-01 23:51:10,912) [START] Task-5_M1 Started Execution
(2020-12-01 23:51:10,913) [START] Task-5_M3 Started Execution
(2020-12-01 23:51:10,955) [FINISH] TASK 4_M0 Finished execution. Total duration - 1001.234
(2020-12-01 23:51:11,783) [START] Task-6_M2 Started Execution
(2020-12-01 23:51:11,783) [START] Task-6_M3 Started Execution
(2020-12-01 23:51:11,914) [FINISH] TASK 5_M3 Finished execution. Total duration - 1001.062
(2020-12-01 23:51:12,212) [START] Task-7_M1 Started Execution
(2020-12-01 23:51:13,213) [FINISH] TASK 7_M1 Finished execution. Total duration - 1000.901
(2020-12-01 23:51:13,333) [START] Task-2_R0 Started Execution
(2020-12-01 23:51:13,916) [FINISH] TASK 5_M1 Finished execution. Total duration - 3003.268
(2020-12-01 23:51:13,928) [START] Task-5_R1 Started Execution
(2020-12-01 23:51:14,726) [START] Task-9_M0 Started Execution
(2020-12-01 23:51:14,786) [FINISH] TASK 6_M2 Finished execution. Total duration - 3003.125
(2020-12-01 23:51:14,915) [FINISH] TASK 1_R0 Finished execution. Total duration - 4004.060
(2020-12-01 23:51:14,934) [START] Task-10_M0 Started Execution
(2020-12-01 23:51:14,934) [START] Task-10_M2 Started Execution
(2020-12-01 23:51:15,728) [FINISH] TASK 9_M0 Finished execution. Total duration - 1001.232
(2020-12-01 23:51:15,786) [FINISH] TASK 6_M3 Finished execution. Total duration - 4002.819
(2020-12-01 23:51:15,818) [START] Task-6_R1 Started Execution
(2020-12-01 23:51:17,181) [START] Task-11_M2 Started Execution
(2020-12-01 23:51:17,337) [FINISH] TASK 2_R0 Finished execution. Total duration - 4003.906
(2020-12-01 23:51:17,359) [START] Task-12_M2 Started Execution
(2020-12-01 23:51:17,932) [FINISH] TASK 5_R1 Finished execution. Total duration - 4003.697
(2020-12-01 23:51:17,936) [FINISH] TASK 10_M0 Finished execution. Total duration - 3002.044
(2020-12-01 23:51:18,271) [START] Task-13_M0 Started Execution
(2020-12-01 23:51:18,821) [FINISH] TASK 6_R1 Finished execution. Total duration - 3002.903
(2020-12-01 23:51:18,898) [START] Task-14_M1 Started Execution
(2020-12-01 23:51:18,938) [FINISH] TASK 10_M2 Finished execution. Total duration - 4003.645
(2020-12-01 23:51:18,949) [START] Task-10_R0 Started Execution
(2020-12-01 23:51:19,155) [START] Task-15_M0 Started Execution
(2020-12-01 23:51:19,156) [START] Task-15_M1 Started Execution
(2020-12-01 23:51:19,361) [FINISH] TASK 12_M2 Finished execution. Total duration - 2001.716
(2020-12-01 23:51:19,372) [START] Task-15_M2 Started Execution
(2020-12-01 23:51:20,158) [FINISH] TASK 15_M1 Finished execution. Total duration - 1001.213
(2020-12-01 23:51:20,168) [START] Task-16_M1 Started Execution
(2020-12-01 23:51:20,952) [FINISH] TASK 10_R0 Finished execution. Total duration - 2002.277
(2020-12-01 23:51:20,962) [START] Task-12_R0 Started Execution
(2020-12-01 23:51:21,157) [FINISH] TASK 15_M0 Finished execution. Total duration - 2001.450
(2020-12-01 23:51:21,168) [START] Task-17_M0 Started Execution
(2020-12-01 23:51:21,184) [FINISH] TASK 11_M2 Finished execution. Total duration - 4002.987
(2020-12-01 23:51:21,216) [START] Task-11_R1 Started Execution
(2020-12-01 23:51:21,275) [FINISH] TASK 13_M0 Finished execution. Total duration - 3003.379
(2020-12-01 23:51:21,285) [START] Task-13_R0 Started Execution
(2020-12-01 23:51:21,901) [FINISH] TASK 14_M1 Finished execution. Total duration - 3002.853
(2020-12-01 23:51:21,913) [START] Task-14_R0 Started Execution
(2020-12-01 23:51:22,375) [FINISH] TASK 15_M2 Finished execution. Total duration - 3003.380
(2020-12-01 23:51:22,386) [START] Task-19_M2 Started Execution
(2020-12-01 23:51:22,964) [FINISH] TASK 12_R0 Finished execution. Total duration - 2001.615
(2020-12-01 23:51:22,975) [START] Task-20_M1 Started Execution
(2020-12-01 23:51:23,172) [FINISH] TASK 16_M1 Finished execution. Total duration - 3003.290
(2020-12-01 23:51:23,182) [START] Task-15_R0 Started Execution
(2020-12-01 23:51:24,171) [FINISH] TASK 17_M0 Finished execution. Total duration - 3003.343
(2020-12-01 23:51:24,182) [START] Task-17_R0 Started Execution
(2020-12-01 23:51:24,220) [FINISH] TASK 11_R1 Finished execution. Total duration - 3003.241
(2020-12-01 23:51:24,231) [START] Task-17_R1 Started Execution
(2020-12-01 23:51:24,288) [FINISH] TASK 13_R0 Finished execution. Total duration - 3002.459
(2020-12-01 23:51:24,388) [FINISH] TASK 19_M2 Finished execution. Total duration - 2001.646
(2020-12-01 23:51:24,390) [START] Task-16_R1 Started Execution
(2020-12-01 23:51:24,427) [START] Task-22_M0 Started Execution
(2020-12-01 23:51:24,916) [FINISH] TASK 14_R0 Finished execution. Total duration - 3002.517
(2020-12-01 23:51:24,927) [START] Task-22_M1 Started Execution
(2020-12-01 23:51:25,184) [FINISH] TASK 17_R0 Finished execution. Total duration - 1001.247
(2020-12-01 23:51:25,194) [START] Task-23_M1 Started Execution
(2020-12-01 23:51:25,928) [FINISH] TASK 22_M1 Finished execution. Total duration - 1000.888
(2020-12-01 23:51:26,979) [FINISH] TASK 20_M1 Finished execution. Total duration - 4004.041
(2020-12-01 23:51:26,985) [START] Task-20_R0 Started Execution
(2020-12-01 23:51:27,188) [FINISH] TASK 15_R0 Finished execution. Total duration - 4004.145
(2020-12-01 23:51:27,196) [FINISH] TASK 23_M1 Finished execution. Total duration - 2001.385
(2020-12-01 23:51:27,234) [FINISH] TASK 17_R1 Finished execution. Total duration - 3002.724
(2020-12-01 23:51:27,307) [START] Task-24_M1 Started Execution
(2020-12-01 23:51:27,307) [START] Task-24_M2 Started Execution
(2020-12-01 23:51:28,308) [FINISH] TASK 24_M1 Finished execution. Total duration - 1001.171
(2020-12-01 23:51:28,394) [FINISH] TASK 16_R1 Finished execution. Total duration - 4003.657
(2020-12-01 23:51:28,431) [FINISH] TASK 22_M0 Finished execution. Total duration - 4003.720
(2020-12-01 23:51:28,451) [START] Task-22_R0 Started Execution
(2020-12-01 23:51:29,988) [FINISH] TASK 20_R0 Finished execution. Total duration - 3002.791
(2020-12-01 23:52:16,533) [START] Task-0_M1 Started Execution
(2020-12-01 23:52:17,281) [START] Task-1_M0 Started Execution
(2020-12-01 23:52:17,535) [FINISH] TASK 0_M1 Finished execution. Total duration - 1001.142
(2020-12-01 23:52:18,532) [START] Task-2_M1 Started Execution
(2020-12-01 23:52:20,243) [START] Task-3_M0 Started Execution
(2020-12-01 23:52:20,245) [START] Task-3_M3 Started Execution
(2020-12-01 23:52:20,534) [FINISH] TASK 2_M1 Finished execution. Total duration - 2002.266
(2020-12-01 23:52:20,679) [START] Task-4_M0 Started Execution
(2020-12-01 23:52:20,749) [START] Task-5_M0 Started Execution
(2020-12-01 23:52:21,285) [FINISH] TASK 1_M0 Finished execution. Total duration - 4003.891
(2020-12-01 23:52:21,297) [START] Task-1_R1 Started Execution
(2020-12-01 23:52:22,245) [FINISH] TASK 3_M0 Finished execution. Total duration - 2001.593
(2020-12-01 23:52:23,682) [FINISH] TASK 4_M0 Finished execution. Total duration - 3002.953
(2020-12-01 23:52:23,693) [START] Task-4_R0 Started Execution
(2020-12-01 23:52:23,752) [FINISH] TASK 5_M0 Finished execution. Total duration - 3002.902
(2020-12-01 23:52:24,248) [FINISH] TASK 3_M3 Finished execution. Total duration - 4003.243
(2020-12-01 23:52:24,305) [START] Task-3_R0 Started Execution
(2020-12-01 23:52:24,564) [START] Task-6_M1 Started Execution
(2020-12-01 23:52:24,646) [START] Task-7_M2 Started Execution
(2020-12-01 23:52:24,967) [START] Task-8_M0 Started Execution
(2020-12-01 23:52:25,300) [FINISH] TASK 1_R1 Finished execution. Total duration - 4002.836
(2020-12-01 23:52:25,866) [START] Task-9_M2 Started Execution
(2020-12-01 23:52:25,968) [FINISH] TASK 8_M0 Finished execution. Total duration - 1000.456
(2020-12-01 23:52:26,139) [START] Task-10_M0 Started Execution
(2020-12-01 23:52:26,140) [START] Task-10_M1 Started Execution
(2020-12-01 23:52:26,648) [FINISH] TASK 7_M2 Finished execution. Total duration - 2001.482
(2020-12-01 23:52:26,649) [START] Task-11_M0 Started Execution
(2020-12-01 23:52:27,141) [FINISH] TASK 10_M1 Finished execution. Total duration - 1001.208
(2020-12-01 23:52:27,248) [START] Task-12_M0 Started Execution
(2020-12-01 23:52:27,308) [FINISH] TASK 3_R0 Finished execution. Total duration - 3002.535
(2020-12-01 23:52:27,696) [FINISH] TASK 4_R0 Finished execution. Total duration - 4002.810
(2020-12-01 23:52:27,868) [FINISH] TASK 9_M2 Finished execution. Total duration - 2001.662
(2020-12-01 23:52:27,869) [START] Task-13_M0 Started Execution
(2020-12-01 23:52:27,870) [START] Task-13_M2 Started Execution
(2020-12-01 23:52:28,568) [FINISH] TASK 6_M1 Finished execution. Total duration - 4004.090
(2020-12-01 23:52:28,590) [START] Task-14_M0 Started Execution
(2020-12-01 23:52:28,880) [START] Task-9_R1 Started Execution
(2020-12-01 23:52:29,591) [FINISH] TASK 14_M0 Finished execution. Total duration - 1001.183
(2020-12-01 23:52:29,872) [FINISH] TASK 13_M0 Finished execution. Total duration - 2002.211
(2020-12-01 23:52:29,882) [FINISH] TASK 9_R1 Finished execution. Total duration - 1001.157
(2020-12-01 23:52:30,143) [FINISH] TASK 10_M0 Finished execution. Total duration - 4004.238
(2020-12-01 23:52:30,252) [FINISH] TASK 12_M0 Finished execution. Total duration - 3003.253
(2020-12-01 23:52:30,263) [START] Task-12_R0 Started Execution
(2020-12-01 23:52:30,653) [FINISH] TASK 11_M0 Finished execution. Total duration - 4003.860
(2020-12-01 23:52:30,664) [START] Task-11_R0 Started Execution
(2020-12-01 23:52:30,873) [FINISH] TASK 13_M2 Finished execution. Total duration - 3003.311
(2020-12-01 23:52:31,629) [START] Task-14_R0 Started Execution
(2020-12-01 23:52:32,630) [FINISH] TASK 14_R0 Finished execution. Total duration - 1001.217
(2020-12-01 23:52:32,666) [FINISH] TASK 11_R0 Finished execution. Total duration - 2002.224
(2020-12-01 23:52:33,734) [START] Task-15_M0 Started Execution
(2020-12-01 23:52:33,735) [START] Task-15_M3 Started Execution
(2020-12-01 23:52:34,266) [FINISH] TASK 12_R0 Finished execution. Total duration - 4003.362
(2020-12-01 23:52:34,319) [START] Task-16_M2 Started Execution
(2020-12-01 23:52:34,834) [START] Task-17_M0 Started Execution
(2020-12-01 23:52:34,835) [START] Task-17_M2 Started Execution
(2020-12-01 23:52:35,057) [START] Task-18_M0 Started Execution
(2020-12-01 23:52:35,058) [START] Task-18_M1 Started Execution
(2020-12-01 23:52:35,320) [FINISH] TASK 16_M2 Finished execution. Total duration - 1000.461
(2020-12-01 23:52:35,321) [START] Task-18_M2 Started Execution
(2020-12-01 23:52:35,737) [FINISH] TASK 15_M3 Finished execution. Total duration - 2002.137
(2020-12-01 23:52:35,926) [START] Task-19_M1 Started Execution
(2020-12-01 23:52:36,060) [FINISH] TASK 18_M1 Finished execution. Total duration - 1001.186
(2020-12-01 23:52:36,060) [START] Task-19_M2 Started Execution
(2020-12-01 23:52:36,322) [FINISH] TASK 18_M2 Finished execution. Total duration - 1001.006
(2020-12-01 23:52:36,736) [FINISH] TASK 15_M0 Finished execution. Total duration - 3002.084
(2020-12-01 23:52:37,928) [FINISH] TASK 19_M1 Finished execution. Total duration - 2001.310
(2020-12-01 23:52:38,358) [START] Task-16_R0 Started Execution
(2020-12-01 23:52:38,838) [FINISH] TASK 17_M2 Finished execution. Total duration - 4002.164
(2020-12-01 23:52:38,838) [FINISH] TASK 17_M0 Finished execution. Total duration - 4003.436
(2020-12-01 23:52:38,891) [START] Task-17_R0 Started Execution
(2020-12-01 23:52:39,061) [FINISH] TASK 18_M0 Finished execution. Total duration - 4003.532
(2020-12-01 23:52:39,063) [FINISH] TASK 19_M2 Finished execution. Total duration - 3002.241
(2020-12-01 23:52:39,068) [START] Task-19_R0 Started Execution
(2020-12-01 23:52:39,360) [FINISH] TASK 16_R0 Finished execution. Total duration - 1001.190
(2020-12-01 23:52:40,661) [START] Task-21_M2 Started Execution
(2020-12-01 23:52:41,018) [START] Task-22_M1 Started Execution
(2020-12-01 23:52:41,071) [FINISH] TASK 19_R0 Finished execution. Total duration - 2002.195
(2020-12-01 23:52:42,663) [FINISH] TASK 21_M2 Finished execution. Total duration - 2001.463
(2020-12-01 23:52:42,894) [FINISH] TASK 17_R0 Finished execution. Total duration - 4003.385
(2020-12-01 23:52:44,021) [FINISH] TASK 22_M1 Finished execution. Total duration - 3002.246
(2020-12-01 23:52:44,032) [START] Task-22_R0 Started Execution
(2020-12-01 23:52:46,035) [FINISH] TASK 22_R0 Finished execution. Total duration - 2002.305
(2020-12-01 23:52:46,982) [START] Task-23_M0 Started Execution
(2020-12-01 23:52:47,093) [START] Task-24_M1 Started Execution
(2020-12-01 23:52:47,165) [START] Task-25_M1 Started Execution
(2020-12-01 23:52:48,984) [FINISH] TASK 23_M0 Finished execution. Total duration - 2002.218
(2020-12-01 23:52:48,995) [START] Task-23_R0 Started Execution
(2020-12-01 23:52:50,096) [FINISH] TASK 24_M1 Finished execution. Total duration - 3002.348
(2020-12-01 23:52:50,107) [START] Task-24_R1 Started Execution
(2020-12-01 23:52:51,108) [FINISH] TASK 24_R1 Finished execution. Total duration - 1000.431
(2020-12-01 23:52:51,169) [FINISH] TASK 25_M1 Finished execution. Total duration - 4004.270
(2020-12-01 23:52:51,998) [FINISH] TASK 23_R0 Finished execution. Total duration - 3002.764
(2020-12-01 23:52:52,806) [START] Task-27_M0 Started Execution
(2020-12-01 23:52:52,807) [START] Task-27_M3 Started Execution
(2020-12-01 23:52:53,637) [START] Task-29_M0 Started Execution
(2020-12-01 23:52:53,870) [START] Task-26_R0 Started Execution
(2020-12-01 23:52:54,638) [FINISH] TASK 29_M0 Finished execution. Total duration - 1001.228
(2020-12-01 23:52:54,809) [FINISH] TASK 27_M3 Finished execution. Total duration - 2001.210
(2020-12-01 23:52:54,815) [START] Task-30_R0 Started Execution
(2020-12-01 23:52:55,018) [START] Task-32_M0 Started Execution
(2020-12-01 23:52:55,775) [START] Task-33_M2 Started Execution
(2020-12-01 23:52:55,810) [FINISH] TASK 27_M0 Finished execution. Total duration - 3003.327
(2020-12-01 23:52:55,821) [START] Task-27_R1 Started Execution
(2020-12-01 23:52:56,822) [FINISH] TASK 27_R1 Finished execution. Total duration - 1001.181
(2020-12-01 23:52:56,873) [FINISH] TASK 26_R0 Finished execution. Total duration - 3002.487
(2020-12-01 23:52:57,020) [FINISH] TASK 32_M0 Finished execution. Total duration - 2002.543
(2020-12-01 23:52:57,031) [START] Task-32_R0 Started Execution
(2020-12-01 23:52:57,642) [START] Task-34_M0 Started Execution
(2020-12-01 23:52:57,777) [FINISH] TASK 33_M2 Finished execution. Total duration - 2001.464
(2020-12-01 23:52:58,032) [FINISH] TASK 32_R0 Finished execution. Total duration - 1000.865
(2020-12-01 23:52:58,785) [START] Task-33_R0 Started Execution
(2020-12-01 23:52:58,819) [FINISH] TASK 30_R0 Finished execution. Total duration - 4003.968
(2020-12-01 23:53:00,788) [FINISH] TASK 33_R0 Finished execution. Total duration - 2002.055
(2020-12-01 23:53:01,646) [FINISH] TASK 34_M0 Finished execution. Total duration - 4004.395
(2020-12-01 23:53:01,912) [START] Task-35_M0 Started Execution
(2020-12-01 23:53:02,675) [START] Task-36_M1 Started Execution
(2020-12-01 23:53:02,913) [FINISH] TASK 35_M0 Finished execution. Total duration - 1001.202
(2020-12-01 23:53:04,447) [START] Task-37_M1 Started Execution
(2020-12-01 23:53:04,709) [START] Task-38_M0 Started Execution
(2020-12-01 23:53:05,677) [FINISH] TASK 36_M1 Finished execution. Total duration - 3002.482
(2020-12-01 23:53:06,346) [START] Task-39_M0 Started Execution
(2020-12-01 23:53:08,214) [START] Task-40_M0 Started Execution
(2020-12-01 23:53:08,450) [FINISH] TASK 37_M1 Finished execution. Total duration - 4002.467
(2020-12-01 23:53:08,713) [FINISH] TASK 38_M0 Finished execution. Total duration - 4003.773
(2020-12-01 23:53:08,724) [START] Task-38_R0 Started Execution
(2020-12-01 23:53:09,349) [FINISH] TASK 39_M0 Finished execution. Total duration - 3003.308
(2020-12-01 23:53:09,355) [START] Task-42_M1 Started Execution
(2020-12-01 23:53:09,357) [START] Task-39_R0 Started Execution
(2020-12-01 23:53:10,356) [FINISH] TASK 42_M1 Finished execution. Total duration - 1000.525
(2020-12-01 23:53:10,358) [FINISH] TASK 39_R0 Finished execution. Total duration - 1001.148
(2020-12-01 23:53:10,727) [FINISH] TASK 38_R0 Finished execution. Total duration - 2002.249
(2020-12-01 23:53:11,216) [FINISH] TASK 40_M0 Finished execution. Total duration - 3001.877
(2020-12-01 23:53:11,227) [START] Task-40_R1 Started Execution
(2020-12-01 23:53:12,371) [START] Task-42_R0 Started Execution
(2020-12-01 23:53:13,978) [START] Task-44_M0 Started Execution
(2020-12-01 23:53:13,979) [START] Task-44_M3 Started Execution
(2020-12-01 23:53:14,979) [FINISH] TASK 44_M0 Finished execution. Total duration - 1001.220
(2020-12-01 23:53:15,231) [FINISH] TASK 40_R1 Finished execution. Total duration - 4003.201
(2020-12-01 23:53:15,374) [FINISH] TASK 42_R0 Finished execution. Total duration - 3002.996
(2020-12-01 23:53:15,981) [FINISH] TASK 44_M3 Finished execution. Total duration - 2002.000
(2020-12-01 23:53:16,109) [START] Task-43_R0 Started Execution
(2020-12-01 23:53:18,019) [START] Task-44_R0 Started Execution
(2020-12-01 23:53:18,809) [START] Task-45_R1 Started Execution
(2020-12-01 23:53:18,882) [START] Task-47_M2 Started Execution
(2020-12-01 23:53:19,112) [FINISH] TASK 43_R0 Finished execution. Total duration - 3002.646
(2020-12-01 23:53:20,884) [FINISH] TASK 47_M2 Finished execution. Total duration - 2002.171
(2020-12-01 23:53:20,920) [START] Task-47_R0 Started Execution
(2020-12-01 23:53:21,296) [START] Task-50_M1 Started Execution
(2020-12-01 23:53:21,812) [FINISH] TASK 45_R1 Finished execution. Total duration - 3002.570
(2020-12-01 23:53:22,023) [FINISH] TASK 44_R0 Finished execution. Total duration - 4003.563
(2020-12-01 23:53:23,042) [START] Task-51_M1 Started Execution
(2020-12-01 23:53:23,298) [FINISH] TASK 50_M1 Finished execution. Total duration - 2002.287
(2020-12-01 23:53:23,924) [FINISH] TASK 47_R0 Finished execution. Total duration - 3003.241
(2020-12-01 23:53:25,044) [FINISH] TASK 51_M1 Finished execution. Total duration - 2002.161
(2020-12-01 23:53:25,755) [START] Task-52_M0 Started Execution
(2020-12-01 23:53:28,499) [START] Task-53_M1 Started Execution
(2020-12-01 23:53:29,759) [FINISH] TASK 52_M0 Finished execution. Total duration - 4004.206
(2020-12-01 23:53:29,984) [START] Task-55_M0 Started Execution
(2020-12-01 23:53:31,502) [FINISH] TASK 53_M1 Finished execution. Total duration - 3003.106
(2020-12-01 23:53:31,513) [START] Task-53_R0 Started Execution
(2020-12-01 23:53:31,987) [FINISH] TASK 55_M0 Finished execution. Total duration - 2002.282
(2020-12-01 23:53:31,998) [START] Task-55_R1 Started Execution
(2020-12-01 23:53:34,516) [FINISH] TASK 53_R0 Finished execution. Total duration - 3002.869
(2020-12-01 23:53:34,943) [START] Task-57_R1 Started Execution
(2020-12-01 23:53:35,944) [FINISH] TASK 57_R1 Finished execution. Total duration - 1000.932
(2020-12-01 23:53:36,002) [FINISH] TASK 55_R1 Finished execution. Total duration - 4003.111
(2020-12-01 23:53:38,308) [START] Task-59_M0 Started Execution
(2020-12-01 23:53:38,343) [START] Task-60_M0 Started Execution
(2020-12-01 23:53:38,475) [START] Task-61_M1 Started Execution
(2020-12-01 23:53:39,268) [START] Task-62_M0 Started Execution
(2020-12-01 23:53:39,344) [FINISH] TASK 60_M0 Finished execution. Total duration - 1000.723
(2020-12-01 23:53:40,311) [FINISH] TASK 59_M0 Finished execution. Total duration - 2002.290
(2020-12-01 23:53:40,477) [FINISH] TASK 61_M1 Finished execution. Total duration - 2001.517
(2020-12-01 23:53:40,738) [START] Task-63_M1 Started Execution
(2020-12-01 23:53:40,994) [START] Task-64_M0 Started Execution
(2020-12-01 23:53:40,995) [START] Task-64_M2 Started Execution
(2020-12-01 23:53:41,921) [START] Task-65_M1 Started Execution
(2020-12-01 23:53:42,325) [START] Task-59_R1 Started Execution
(2020-12-01 23:53:42,740) [FINISH] TASK 63_M1 Finished execution. Total duration - 2001.870
(2020-12-01 23:53:43,106) [START] Task-66_M0 Started Execution
(2020-12-01 23:53:43,272) [FINISH] TASK 62_M0 Finished execution. Total duration - 4004.305
(2020-12-01 23:53:43,278) [START] Task-62_R1 Started Execution
(2020-12-01 23:53:44,279) [FINISH] TASK 62_R1 Finished execution. Total duration - 1000.910
(2020-12-01 23:53:44,754) [START] Task-63_R1 Started Execution
(2020-12-01 23:53:44,998) [FINISH] TASK 64_M0 Finished execution. Total duration - 4003.505
(2020-12-01 23:53:44,999) [FINISH] TASK 64_M2 Finished execution. Total duration - 4003.789
(2020-12-01 23:53:45,893) [START] Task-68_M1 Started Execution
(2020-12-01 23:53:45,924) [FINISH] TASK 65_M1 Finished execution. Total duration - 4002.319
(2020-12-01 23:53:45,935) [START] Task-65_R0 Started Execution
(2020-12-01 23:53:46,108) [FINISH] TASK 66_M0 Finished execution. Total duration - 3001.651
(2020-12-01 23:53:46,119) [START] Task-66_R0 Started Execution
(2020-12-01 23:53:46,120) [START] Task-67_R1 Started Execution
(2020-12-01 23:53:46,205) [START] Task-69_M0 Started Execution
(2020-12-01 23:53:46,329) [FINISH] TASK 59_R1 Finished execution. Total duration - 4003.438
(2020-12-01 23:53:46,330) [START] Task-69_M1 Started Execution
(2020-12-01 23:53:47,937) [FINISH] TASK 65_R0 Finished execution. Total duration - 2002.126
(2020-12-01 23:53:47,939) [START] Task-72_M0 Started Execution
(2020-12-01 23:53:48,121) [FINISH] TASK 66_R0 Finished execution. Total duration - 2001.848
(2020-12-01 23:53:48,122) [START] Task-72_M1 Started Execution
(2020-12-01 23:53:48,332) [FINISH] TASK 69_M1 Finished execution. Total duration - 2001.935
(2020-12-01 23:53:48,757) [FINISH] TASK 63_R1 Finished execution. Total duration - 4003.188
(2020-12-01 23:53:48,941) [FINISH] TASK 72_M0 Finished execution. Total duration - 1000.962
(2020-12-01 23:53:49,896) [FINISH] TASK 68_M1 Finished execution. Total duration - 4003.094
(2020-12-01 23:53:50,124) [FINISH] TASK 67_R1 Finished execution. Total duration - 4003.766
(2020-12-01 23:53:50,125) [FINISH] TASK 72_M1 Finished execution. Total duration - 2002.102
(2020-12-01 23:53:50,166) [START] Task-72_R0 Started Execution
(2020-12-01 23:53:50,210) [FINISH] TASK 69_M0 Finished execution. Total duration - 4003.759
(2020-12-01 23:53:51,151) [START] Task-73_M0 Started Execution
(2020-12-01 23:53:51,566) [START] Task-74_M1 Started Execution
(2020-12-01 23:53:52,172) [START] Task-75_M0 Started Execution
(2020-12-01 23:53:52,943) [START] Task-76_M0 Started Execution
(2020-12-01 23:53:52,944) [START] Task-76_M3 Started Execution
(2020-12-01 23:53:53,169) [FINISH] TASK 72_R0 Finished execution. Total duration - 3002.405
(2020-12-01 23:53:53,173) [FINISH] TASK 75_M0 Finished execution. Total duration - 1001.154
(2020-12-01 23:53:53,568) [FINISH] TASK 74_M1 Finished execution. Total duration - 2001.862
(2020-12-01 23:53:55,138) [START] Task-77_M2 Started Execution
(2020-12-01 23:53:55,155) [FINISH] TASK 73_M0 Finished execution. Total duration - 4004.172
(2020-12-01 23:53:55,186) [START] Task-75_R0 Started Execution
(2020-12-01 23:53:55,946) [FINISH] TASK 76_M0 Finished execution. Total duration - 3002.488
(2020-12-01 23:53:55,948) [FINISH] TASK 76_M3 Finished execution. Total duration - 3003.290
(2020-12-01 23:53:55,967) [START] Task-76_R0 Started Execution
(2020-12-01 23:53:56,139) [FINISH] TASK 77_M2 Finished execution. Total duration - 1000.515
(2020-12-01 23:53:56,826) [START] Task-78_M2 Started Execution
(2020-12-01 23:53:57,038) [START] Task-80_M0 Started Execution
(2020-12-01 23:53:57,188) [FINISH] TASK 75_R0 Finished execution. Total duration - 2001.288
(2020-12-01 23:53:57,865) [START] Task-81_M0 Started Execution
(2020-12-01 23:53:57,866) [START] Task-81_M2 Started Execution
(2020-12-01 23:53:57,969) [FINISH] TASK 76_R0 Finished execution. Total duration - 2001.718
(2020-12-01 23:53:58,827) [FINISH] TASK 78_M2 Finished execution. Total duration - 2001.204
(2020-12-01 23:53:58,867) [FINISH] TASK 81_M0 Finished execution. Total duration - 1001.245
(2020-12-01 23:53:58,915) [START] Task-79_R0 Started Execution
(2020-12-01 23:53:59,040) [FINISH] TASK 80_M0 Finished execution. Total duration - 2002.153
(2020-12-01 23:53:59,599) [START] Task-82_M0 Started Execution
(2020-12-01 23:53:59,600) [START] Task-82_M3 Started Execution
(2020-12-01 23:53:59,868) [FINISH] TASK 81_M2 Finished execution. Total duration - 2001.823
(2020-12-01 23:53:59,916) [FINISH] TASK 79_R0 Finished execution. Total duration - 1000.696
(2020-12-01 23:54:00,109) [START] Task-83_M1 Started Execution
(2020-12-01 23:54:01,053) [START] Task-80_R0 Started Execution
(2020-12-01 23:54:01,110) [FINISH] TASK 83_M1 Finished execution. Total duration - 1001.093
(2020-12-01 23:54:01,880) [START] Task-81_R0 Started Execution
(2020-12-01 23:54:02,460) [START] Task-84_M1 Started Execution
(2020-12-01 23:54:02,882) [FINISH] TASK 81_R0 Finished execution. Total duration - 1001.205
(2020-12-01 23:54:03,237) [START] Task-85_M2 Started Execution
(2020-12-01 23:54:03,604) [FINISH] TASK 82_M0 Finished execution. Total duration - 4004.743
(2020-12-01 23:54:03,604) [FINISH] TASK 82_M3 Finished execution. Total duration - 4003.585
(2020-12-01 23:54:03,641) [START] Task-82_R1 Started Execution
(2020-12-01 23:54:04,056) [FINISH] TASK 80_R0 Finished execution. Total duration - 3002.967
(2020-12-01 23:54:04,072) [START] Task-87_M0 Started Execution
(2020-12-01 23:54:04,073) [START] Task-87_M1 Started Execution
(2020-12-01 23:54:04,124) [START] Task-83_R1 Started Execution
(2020-12-01 23:54:04,267) [START] Task-88_M0 Started Execution
(2020-12-01 23:54:04,643) [FINISH] TASK 82_R1 Finished execution. Total duration - 1001.222
(2020-12-01 23:54:04,644) [START] Task-88_M1 Started Execution
(2020-12-01 23:54:05,073) [FINISH] TASK 87_M0 Finished execution. Total duration - 1000.206
(2020-12-01 23:54:05,268) [FINISH] TASK 88_M0 Finished execution. Total duration - 1001.299
(2020-12-01 23:54:06,464) [FINISH] TASK 84_M1 Finished execution. Total duration - 4003.485
(2020-12-01 23:54:06,476) [START] Task-89_M0 Started Execution
(2020-12-01 23:54:06,477) [START] Task-89_M3 Started Execution
(2020-12-01 23:54:06,478) [START] Task-84_R1 Started Execution
(2020-12-01 23:54:06,645) [FINISH] TASK 88_M1 Finished execution. Total duration - 2001.383
(2020-12-01 23:54:06,646) [START] Task-90_M0 Started Execution
(2020-12-01 23:54:07,240) [FINISH] TASK 85_M2 Finished execution. Total duration - 4002.773
(2020-12-01 23:54:07,241) [START] Task-86_R1 Started Execution
(2020-12-01 23:54:07,478) [FINISH] TASK 89_M0 Finished execution. Total duration - 1001.157
(2020-12-01 23:54:07,479) [START] Task-91_M2 Started Execution
(2020-12-01 23:54:07,647) [FINISH] TASK 90_M0 Finished execution. Total duration - 1001.192
(2020-12-01 23:54:07,648) [START] Task-92_M0 Started Execution
(2020-12-01 23:54:08,076) [FINISH] TASK 87_M1 Finished execution. Total duration - 4003.316
(2020-12-01 23:54:08,081) [START] Task-92_M2 Started Execution
(2020-12-01 23:54:08,128) [FINISH] TASK 83_R1 Finished execution. Total duration - 4003.505
(2020-12-01 23:54:08,129) [START] Task-92_M3 Started Execution
(2020-12-01 23:54:08,243) [FINISH] TASK 86_R1 Finished execution. Total duration - 1001.158
(2020-12-01 23:54:08,244) [START] Task-85_R1 Started Execution
(2020-12-01 23:54:08,480) [FINISH] TASK 89_M3 Finished execution. Total duration - 2002.235
(2020-12-01 23:54:08,481) [START] Task-93_M0 Started Execution
(2020-12-01 23:54:09,482) [FINISH] TASK 93_M0 Finished execution. Total duration - 1000.436
(2020-12-01 23:54:09,492) [START] Task-94_M2 Started Execution
(2020-12-01 23:54:10,481) [FINISH] TASK 84_R1 Finished execution. Total duration - 4002.508
(2020-12-01 23:54:10,482) [START] Task-95_M1 Started Execution
(2020-12-01 23:54:11,132) [FINISH] TASK 92_M3 Finished execution. Total duration - 3002.764
(2020-12-01 23:54:11,133) [START] Task-96_M2 Started Execution
(2020-12-01 23:54:11,483) [FINISH] TASK 91_M2 Finished execution. Total duration - 4003.500
(2020-12-01 23:54:11,484) [START] Task-96_M3 Started Execution
(2020-12-01 23:54:11,495) [FINISH] TASK 94_M2 Finished execution. Total duration - 2002.201
(2020-12-01 23:54:11,654) [FINISH] TASK 92_M0 Finished execution. Total duration - 4005.017
(2020-12-01 23:54:12,085) [FINISH] TASK 92_M2 Finished execution. Total duration - 4003.784
(2020-12-01 23:54:12,096) [START] Task-92_R0 Started Execution
(2020-12-01 23:54:12,096) [START] Task-92_R1 Started Execution
(2020-12-01 23:54:12,249) [FINISH] TASK 85_R1 Finished execution. Total duration - 4003.956
(2020-12-01 23:54:12,486) [FINISH] TASK 96_M3 Finished execution. Total duration - 1001.025
(2020-12-01 23:54:13,301) [START] Task-98_M1 Started Execution
(2020-12-01 23:54:13,486) [FINISH] TASK 95_M1 Finished execution. Total duration - 3004.613
(2020-12-01 23:54:13,704) [START] Task-99_M0 Started Execution
(2020-12-01 23:54:13,705) [START] Task-99_M1 Started Execution
(2020-12-01 23:54:14,012) [START] Task-95_R1 Started Execution
(2020-12-01 23:54:14,098) [FINISH] TASK 92_R1 Finished execution. Total duration - 2001.849
(2020-12-01 23:54:14,301) [FINISH] TASK 98_M1 Finished execution. Total duration - 1000.378
(2020-12-01 23:54:15,137) [FINISH] TASK 96_M2 Finished execution. Total duration - 4003.954
(2020-12-01 23:54:15,148) [START] Task-96_R0 Started Execution
(2020-12-01 23:54:16,100) [FINISH] TASK 92_R0 Finished execution. Total duration - 4003.985
(2020-12-01 23:54:16,707) [FINISH] TASK 99_M1 Finished execution. Total duration - 3001.963
(2020-12-01 23:54:16,707) [FINISH] TASK 99_M0 Finished execution. Total duration - 3002.696
(2020-12-01 23:54:16,743) [START] Task-99_R0 Started Execution
(2020-12-01 23:54:16,900) [START] Task-101_M1 Started Execution
(2020-12-01 23:54:17,679) [START] Task-102_M1 Started Execution
(2020-12-01 23:54:17,901) [FINISH] TASK 101_M1 Finished execution. Total duration - 1001.020
(2020-12-01 23:54:18,016) [FINISH] TASK 95_R1 Finished execution. Total duration - 4003.412
(2020-12-01 23:54:18,680) [FINISH] TASK 102_M1 Finished execution. Total duration - 1001.123
(2020-12-01 23:54:19,092) [START] Task-103_M1 Started Execution
(2020-12-01 23:54:19,152) [FINISH] TASK 96_R0 Finished execution. Total duration - 4003.917
(2020-12-01 23:54:19,606) [START] Task-104_M0 Started Execution
(2020-12-01 23:54:19,607) [START] Task-104_M1 Started Execution
(2020-12-01 23:54:19,607) [START] Task-104_M2 Started Execution
(2020-12-01 23:54:19,607) [START] Task-104_M3 Started Execution
(2020-12-01 23:54:20,607) [FINISH] TASK 104_M0 Finished execution. Total duration - 1000.729
(2020-12-01 23:54:20,608) [FINISH] TASK 104_M1 Finished execution. Total duration - 1001.146
(2020-12-01 23:54:20,747) [FINISH] TASK 99_R0 Finished execution. Total duration - 4003.687
(2020-12-01 23:54:20,913) [START] Task-101_R0 Started Execution
(2020-12-01 23:54:21,232) [START] Task-105_M1 Started Execution
(2020-12-01 23:54:22,610) [FINISH] TASK 104_M2 Finished execution. Total duration - 3002.895
(2020-12-01 23:54:22,648) [START] Task-107_M1 Started Execution
(2020-12-01 23:54:23,095) [FINISH] TASK 103_M1 Finished execution. Total duration - 4003.391
(2020-12-01 23:54:23,127) [START] Task-103_R1 Started Execution
(2020-12-01 23:54:23,234) [FINISH] TASK 105_M1 Finished execution. Total duration - 2002.229
(2020-12-01 23:54:23,610) [FINISH] TASK 104_M3 Finished execution. Total duration - 4002.199
(2020-12-01 23:54:23,621) [START] Task-104_R0 Started Execution
(2020-12-01 23:54:24,917) [FINISH] TASK 101_R0 Finished execution. Total duration - 4004.024
(2020-12-01 23:54:25,129) [FINISH] TASK 103_R1 Finished execution. Total duration - 2001.357
(2020-12-01 23:54:25,430) [START] Task-109_M1 Started Execution
(2020-12-01 23:54:25,623) [FINISH] TASK 104_R0 Finished execution. Total duration - 2002.276
(2020-12-01 23:54:25,652) [FINISH] TASK 107_M1 Finished execution. Total duration - 3002.880
(2020-12-01 23:54:25,696) [START] Task-108_R0 Started Execution
(2020-12-01 23:54:25,779) [START] Task-110_M2 Started Execution
(2020-12-01 23:54:25,780) [START] Task-110_M3 Started Execution
(2020-12-01 23:54:26,780) [FINISH] TASK 110_M2 Finished execution. Total duration - 1000.323
(2020-12-01 23:54:26,870) [START] Task-111_M2 Started Execution
(2020-12-01 23:54:27,052) [START] Task-112_M1 Started Execution
(2020-12-01 23:54:27,153) [START] Task-113_M1 Started Execution
(2020-12-01 23:54:27,154) [START] Task-113_M2 Started Execution
(2020-12-01 23:54:27,432) [FINISH] TASK 109_M1 Finished execution. Total duration - 2001.809
(2020-12-01 23:54:28,154) [FINISH] TASK 113_M1 Finished execution. Total duration - 1000.772
(2020-12-01 23:54:28,225) [START] Task-114_M2 Started Execution
(2020-12-01 23:54:28,781) [FINISH] TASK 110_M3 Finished execution. Total duration - 3001.356
(2020-12-01 23:54:29,367) [START] Task-116_M1 Started Execution
(2020-12-01 23:54:29,609) [START] Task-115_R0 Started Execution
(2020-12-01 23:54:29,700) [FINISH] TASK 108_R0 Finished execution. Total duration - 4003.650
(2020-12-01 23:54:29,786) [START] Task-117_M2 Started Execution
(2020-12-01 23:54:29,872) [FINISH] TASK 111_M2 Finished execution. Total duration - 3001.620
(2020-12-01 23:54:29,873) [START] Task-117_M3 Started Execution
(2020-12-01 23:54:30,055) [FINISH] TASK 112_M1 Finished execution. Total duration - 3002.836
(2020-12-01 23:54:30,056) [START] Task-110_R0 Started Execution
(2020-12-01 23:54:30,156) [FINISH] TASK 113_M2 Finished execution. Total duration - 3002.162
(2020-12-01 23:54:30,157) [START] Task-110_R1 Started Execution
(2020-12-01 23:54:30,786) [FINISH] TASK 117_M2 Finished execution. Total duration - 1000.518
(2020-12-01 23:54:30,788) [START] Task-111_R1 Started Execution
(2020-12-01 23:54:31,159) [FINISH] TASK 110_R1 Finished execution. Total duration - 1001.453
(2020-12-01 23:54:31,162) [START] Task-113_R0 Started Execution
(2020-12-01 23:54:31,369) [FINISH] TASK 116_M1 Finished execution. Total duration - 2002.135
(2020-12-01 23:54:31,370) [START] Task-113_R1 Started Execution
(2020-12-01 23:54:31,612) [FINISH] TASK 115_R0 Finished execution. Total duration - 2002.315
(2020-12-01 23:54:31,613) [START] Task-118_M0 Started Execution
(2020-12-01 23:54:32,229) [FINISH] TASK 114_M2 Finished execution. Total duration - 4003.455
(2020-12-01 23:54:32,230) [START] Task-118_M1 Started Execution
(2020-12-01 23:54:33,060) [FINISH] TASK 110_R0 Finished execution. Total duration - 3003.677
(2020-12-01 23:54:33,231) [FINISH] TASK 118_M1 Finished execution. Total duration - 1001.282
(2020-12-01 23:54:33,616) [FINISH] TASK 118_M0 Finished execution. Total duration - 2002.498
(2020-12-01 23:54:33,876) [FINISH] TASK 117_M3 Finished execution. Total duration - 4002.682
(2020-12-01 23:54:33,887) [START] Task-117_R1 Started Execution
(2020-12-01 23:54:34,164) [FINISH] TASK 113_R0 Finished execution. Total duration - 3001.791
(2020-12-01 23:54:34,373) [FINISH] TASK 113_R1 Finished execution. Total duration - 3002.877
(2020-12-01 23:54:34,792) [FINISH] TASK 111_R1 Finished execution. Total duration - 4004.085
(2020-12-01 23:54:35,384) [START] Task-118_R1 Started Execution
(2020-12-01 23:54:35,495) [START] Task-120_M1 Started Execution
(2020-12-01 23:54:35,889) [FINISH] TASK 117_R1 Finished execution. Total duration - 2001.400
(2020-12-01 23:54:37,386) [FINISH] TASK 118_R1 Finished execution. Total duration - 2002.273
(2020-12-01 23:54:37,497) [FINISH] TASK 120_M1 Finished execution. Total duration - 2001.395
(2020-12-01 23:54:37,810) [START] Task-122_M0 Started Execution
(2020-12-01 23:54:37,810) [START] Task-122_M3 Started Execution
(2020-12-01 23:54:38,384) [START] Task-123_M1 Started Execution
(2020-12-01 23:54:38,384) [START] Task-123_M2 Started Execution
(2020-12-01 23:54:38,384) [START] Task-123_M3 Started Execution
(2020-12-01 23:54:38,812) [FINISH] TASK 122_M3 Finished execution. Total duration - 1001.348
(2020-12-01 23:54:38,938) [START] Task-124_M0 Started Execution
(2020-12-01 23:54:39,110) [START] Task-125_M0 Started Execution
(2020-12-01 23:54:39,111) [START] Task-125_M1 Started Execution
(2020-12-01 23:54:40,112) [FINISH] TASK 125_M1 Finished execution. Total duration - 1000.925
(2020-12-01 23:54:40,113) [START] Task-127_M0 Started Execution
(2020-12-01 23:54:40,386) [FINISH] TASK 123_M1 Finished execution. Total duration - 2002.252
(2020-12-01 23:54:40,387) [START] Task-128_M0 Started Execution
(2020-12-01 23:54:40,812) [FINISH] TASK 122_M0 Finished execution. Total duration - 3001.967
(2020-12-01 23:54:40,818) [START] Task-128_M2 Started Execution
(2020-12-01 23:54:41,112) [FINISH] TASK 125_M0 Finished execution. Total duration - 2001.336
(2020-12-01 23:54:41,113) [START] Task-122_R1 Started Execution
(2020-12-01 23:54:41,388) [FINISH] TASK 123_M3 Finished execution. Total duration - 3003.230
(2020-12-01 23:54:41,388) [FINISH] TASK 123_M2 Finished execution. Total duration - 3003.824
(2020-12-01 23:54:41,393) [START] Task-129_M1 Started Execution
(2020-12-01 23:54:41,781) [START] Task-126_R0 Started Execution
(2020-12-01 23:54:42,116) [FINISH] TASK 127_M0 Finished execution. Total duration - 2002.207
(2020-12-01 23:54:42,943) [FINISH] TASK 124_M0 Finished execution. Total duration - 4003.571
(2020-12-01 23:54:42,954) [START] Task-124_R0 Started Execution
(2020-12-01 23:54:43,033) [START] Task-130_M2 Started Execution
(2020-12-01 23:54:43,390) [FINISH] TASK 128_M0 Finished execution. Total duration - 3002.716
(2020-12-01 23:54:43,395) [FINISH] TASK 129_M1 Finished execution. Total duration - 2001.944
(2020-12-01 23:54:43,399) [START] Task-129_R0 Started Execution
(2020-12-01 23:54:43,400) [START] Task-129_R1 Started Execution
(2020-12-01 23:54:43,821) [FINISH] TASK 128_M2 Finished execution. Total duration - 3002.439
(2020-12-01 23:54:43,822) [START] Task-132_M1 Started Execution
(2020-12-01 23:54:44,116) [FINISH] TASK 122_R1 Finished execution. Total duration - 3003.157
(2020-12-01 23:54:44,117) [START] Task-132_M2 Started Execution
(2020-12-01 23:54:44,400) [FINISH] TASK 129_R0 Finished execution. Total duration - 1000.803
(2020-12-01 23:54:44,401) [START] Task-133_M0 Started Execution
(2020-12-01 23:54:44,956) [FINISH] TASK 124_R0 Finished execution. Total duration - 2001.963
(2020-12-01 23:54:44,957) [START] Task-134_M1 Started Execution
(2020-12-01 23:54:45,786) [FINISH] TASK 126_R0 Finished execution. Total duration - 4003.799
(2020-12-01 23:54:45,794) [START] Task-136_M1 Started Execution
(2020-12-01 23:54:45,824) [FINISH] TASK 132_M1 Finished execution. Total duration - 2001.945
(2020-12-01 23:54:45,826) [START] Task-137_M0 Started Execution
(2020-12-01 23:54:46,036) [FINISH] TASK 130_M2 Finished execution. Total duration - 3002.449
(2020-12-01 23:54:46,037) [START] Task-137_M3 Started Execution
(2020-12-01 23:54:46,403) [FINISH] TASK 133_M0 Finished execution. Total duration - 2001.403
(2020-12-01 23:54:46,985) [START] Task-138_M0 Started Execution
(2020-12-01 23:54:47,039) [FINISH] TASK 137_M3 Finished execution. Total duration - 1001.195
(2020-12-01 23:54:47,039) [START] Task-138_M3 Started Execution
(2020-12-01 23:54:47,404) [FINISH] TASK 129_R1 Finished execution. Total duration - 4003.594
(2020-12-01 23:54:47,960) [FINISH] TASK 134_M1 Finished execution. Total duration - 3002.662
(2020-12-01 23:54:47,970) [START] Task-134_R0 Started Execution
(2020-12-01 23:54:48,040) [FINISH] TASK 138_M3 Finished execution. Total duration - 1000.367
(2020-12-01 23:54:48,121) [FINISH] TASK 132_M2 Finished execution. Total duration - 4003.993
(2020-12-01 23:54:48,132) [START] Task-132_R0 Started Execution
(2020-12-01 23:54:48,987) [FINISH] TASK 138_M0 Finished execution. Total duration - 2001.930
(2020-12-01 23:54:49,798) [FINISH] TASK 136_M1 Finished execution. Total duration - 4004.391
(2020-12-01 23:54:49,830) [FINISH] TASK 137_M0 Finished execution. Total duration - 4003.743
(2020-12-01 23:54:49,915) [START] Task-139_M0 Started Execution
(2020-12-01 23:54:49,973) [FINISH] TASK 134_R0 Finished execution. Total duration - 2002.117
(2020-12-01 23:54:51,001) [START] Task-138_R1 Started Execution
(2020-12-01 23:54:52,136) [FINISH] TASK 132_R0 Finished execution. Total duration - 4003.829
(2020-12-01 23:54:52,579) [START] Task-141_M1 Started Execution
(2020-12-01 23:54:52,731) [START] Task-142_M1 Started Execution
(2020-12-01 23:54:52,731) [START] Task-142_M3 Started Execution
(2020-12-01 23:54:52,872) [START] Task-143_M0 Started Execution
(2020-12-01 23:54:52,873) [START] Task-143_M1 Started Execution
(2020-12-01 23:54:52,918) [FINISH] TASK 139_M0 Finished execution. Total duration - 3003.200
(2020-12-01 23:54:52,919) [START] Task-143_M2 Started Execution
(2020-12-01 23:54:53,732) [FINISH] TASK 142_M1 Finished execution. Total duration - 1000.900
(2020-12-01 23:54:53,733) [START] Task-143_M3 Started Execution
(2020-12-01 23:54:53,874) [FINISH] TASK 143_M1 Finished execution. Total duration - 1000.450
(2020-12-01 23:54:53,874) [START] Task-144_M0 Started Execution
(2020-12-01 23:54:53,920) [FINISH] TASK 143_M2 Finished execution. Total duration - 1001.102
(2020-12-01 23:54:53,921) [START] Task-144_M1 Started Execution
(2020-12-01 23:54:54,580) [FINISH] TASK 141_M1 Finished execution. Total duration - 2000.555
(2020-12-01 23:54:54,733) [FINISH] TASK 142_M3 Finished execution. Total duration - 2001.500
(2020-12-01 23:54:54,734) [FINISH] TASK 143_M3 Finished execution. Total duration - 1001.178
(2020-12-01 23:54:54,875) [FINISH] TASK 143_M0 Finished execution. Total duration - 2002.275
(2020-12-01 23:54:54,885) [START] Task-143_R0 Started Execution
(2020-12-01 23:54:54,886) [START] Task-143_R1 Started Execution
(2020-12-01 23:54:55,005) [FINISH] TASK 138_R1 Finished execution. Total duration - 4003.426
(2020-12-01 23:54:55,515) [START] Task-147_M0 Started Execution
(2020-12-01 23:54:55,595) [START] Task-141_R1 Started Execution
(2020-12-01 23:54:55,727) [START] Task-148_M0 Started Execution
(2020-12-01 23:54:56,728) [FINISH] TASK 148_M0 Finished execution. Total duration - 1000.370
(2020-12-01 23:54:56,740) [START] Task-148_R1 Started Execution
(2020-12-01 23:54:57,878) [FINISH] TASK 144_M0 Finished execution. Total duration - 4003.553
(2020-12-01 23:54:57,880) [START] Task-150_M0 Started Execution
(2020-12-01 23:54:57,890) [FINISH] TASK 143_R1 Finished execution. Total duration - 3003.311
(2020-12-01 23:54:57,891) [FINISH] TASK 143_R0 Finished execution. Total duration - 3004.570
(2020-12-01 23:54:57,900) [START] Task-150_M1 Started Execution
(2020-12-01 23:54:57,902) [START] Task-151_M0 Started Execution
(2020-12-01 23:54:57,925) [FINISH] TASK 144_M1 Finished execution. Total duration - 4003.349
(2020-12-01 23:54:57,927) [START] Task-151_M1 Started Execution
(2020-12-01 23:54:58,598) [FINISH] TASK 141_R1 Finished execution. Total duration - 3003.224
(2020-12-01 23:54:58,601) [START] Task-152_M1 Started Execution
(2020-12-01 23:54:58,902) [FINISH] TASK 150_M1 Finished execution. Total duration - 1001.200
(2020-12-01 23:54:58,902) [START] Task-153_M1 Started Execution
(2020-12-01 23:54:59,520) [FINISH] TASK 147_M0 Finished execution. Total duration - 4004.105
(2020-12-01 23:54:59,520) [START] Task-153_M2 Started Execution
(2020-12-01 23:54:59,882) [FINISH] TASK 150_M0 Finished execution. Total duration - 2002.247
(2020-12-01 23:54:59,883) [START] Task-147_R1 Started Execution
(2020-12-01 23:54:59,904) [FINISH] TASK 151_M0 Finished execution. Total duration - 2002.392
(2020-12-01 23:54:59,905) [FINISH] TASK 153_M1 Finished execution. Total duration - 1002.253
(2020-12-01 23:54:59,906) [START] Task-150_R0 Started Execution
(2020-12-01 23:54:59,929) [FINISH] TASK 151_M1 Finished execution. Total duration - 2001.999
(2020-12-01 23:54:59,962) [START] Task-151_R0 Started Execution
(2020-12-01 23:55:00,522) [FINISH] TASK 153_M2 Finished execution. Total duration - 1001.222
(2020-12-01 23:55:00,744) [FINISH] TASK 148_R1 Finished execution. Total duration - 4003.652
(2020-12-01 23:55:00,908) [START] Task-154_M2 Started Execution
(2020-12-01 23:55:01,910) [FINISH] TASK 154_M2 Finished execution. Total duration - 1001.163
(2020-12-01 23:55:02,604) [FINISH] TASK 152_M1 Finished execution. Total duration - 4002.903
(2020-12-01 23:55:02,615) [START] Task-152_R0 Started Execution
(2020-12-01 23:55:02,886) [FINISH] TASK 147_R1 Finished execution. Total duration - 3002.627
(2020-12-01 23:55:02,908) [FINISH] TASK 150_R0 Finished execution. Total duration - 3002.263
(2020-12-01 23:55:02,965) [FINISH] TASK 151_R0 Finished execution. Total duration - 3002.562
(2020-12-01 23:55:03,616) [FINISH] TASK 152_R0 Finished execution. Total duration - 1000.729
(2020-12-01 23:55:03,763) [START] Task-155_M0 Started Execution
(2020-12-01 23:55:04,167) [START] Task-156_M0 Started Execution
(2020-12-01 23:55:04,169) [START] Task-156_M3 Started Execution
(2020-12-01 23:55:04,258) [START] Task-158_M0 Started Execution
(2020-12-01 23:55:04,259) [START] Task-158_M1 Started Execution
(2020-12-01 23:55:04,259) [START] Task-158_M2 Started Execution
(2020-12-01 23:55:04,521) [START] Task-159_M0 Started Execution
(2020-12-01 23:55:05,260) [FINISH] TASK 158_M2 Finished execution. Total duration - 1000.663
(2020-12-01 23:55:05,263) [START] Task-159_M3 Started Execution
(2020-12-01 23:55:05,523) [FINISH] TASK 159_M0 Finished execution. Total duration - 1001.313
(2020-12-01 23:55:05,525) [START] Task-154_R0 Started Execution
(2020-12-01 23:55:06,170) [FINISH] TASK 156_M3 Finished execution. Total duration - 2001.681
(2020-12-01 23:55:06,261) [FINISH] TASK 158_M1 Finished execution. Total duration - 2002.002
(2020-12-01 23:55:06,264) [FINISH] TASK 159_M3 Finished execution. Total duration - 1001.053
(2020-12-01 23:55:06,766) [FINISH] TASK 155_M0 Finished execution. Total duration - 3003.112
(2020-12-01 23:55:07,216) [START] Task-160_M0 Started Execution
(2020-12-01 23:55:07,231) [START] Task-157_R0 Started Execution
(2020-12-01 23:55:07,260) [FINISH] TASK 158_M0 Finished execution. Total duration - 3001.337
(2020-12-01 23:55:07,271) [START] Task-158_R1 Started Execution
(2020-12-01 23:55:07,579) [START] Task-161_M1 Started Execution
(2020-12-01 23:55:07,580) [START] Task-161_M2 Started Execution
(2020-12-01 23:55:08,171) [FINISH] TASK 156_M0 Finished execution. Total duration - 4003.744
(2020-12-01 23:55:08,171) [START] Task-159_R0 Started Execution
(2020-12-01 23:55:08,218) [FINISH] TASK 160_M0 Finished execution. Total duration - 1001.190
(2020-12-01 23:55:08,223) [START] Task-156_R0 Started Execution
(2020-12-01 23:55:08,232) [FINISH] TASK 157_R0 Finished execution. Total duration - 1000.976
(2020-12-01 23:55:08,580) [FINISH] TASK 161_M1 Finished execution. Total duration - 1000.815
(2020-12-01 23:55:08,581) [FINISH] TASK 161_M2 Finished execution. Total duration - 1001.179
(2020-12-01 23:55:09,074) [START] Task-162_M2 Started Execution
(2020-12-01 23:55:09,224) [FINISH] TASK 156_R0 Finished execution. Total duration - 1000.321
(2020-12-01 23:55:09,273) [FINISH] TASK 158_R1 Finished execution. Total duration - 2001.386
(2020-12-01 23:55:09,529) [FINISH] TASK 154_R0 Finished execution. Total duration - 4003.897
(2020-12-01 23:55:09,932) [START] Task-163_M1 Started Execution
(2020-12-01 23:55:10,265) [START] Task-164_M0 Started Execution
(2020-12-01 23:55:11,124) [START] Task-166_M0 Started Execution
(2020-12-01 23:55:11,446) [START] Task-167_M0 Started Execution
(2020-12-01 23:55:11,589) [START] Task-161_R1 Started Execution
(2020-12-01 23:55:11,935) [FINISH] TASK 163_M1 Finished execution. Total duration - 2002.214
(2020-12-01 23:55:12,077) [FINISH] TASK 162_M2 Finished execution. Total duration - 3002.544
(2020-12-01 23:55:12,083) [START] Task-162_R0 Started Execution
(2020-12-01 23:55:12,174) [FINISH] TASK 159_R0 Finished execution. Total duration - 4002.668
(2020-12-01 23:55:12,431) [START] Task-165_R0 Started Execution
(2020-12-01 23:55:13,001) [START] Task-168_M0 Started Execution
(2020-12-01 23:55:13,124) [FINISH] TASK 166_M0 Finished execution. Total duration - 2000.316
(2020-12-01 23:55:13,135) [START] Task-166_R0 Started Execution
(2020-12-01 23:55:13,268) [FINISH] TASK 164_M0 Finished execution. Total duration - 3002.540
(2020-12-01 23:55:13,279) [START] Task-164_R0 Started Execution
(2020-12-01 23:55:15,086) [FINISH] TASK 162_R0 Finished execution. Total duration - 3003.043
(2020-12-01 23:55:15,094) [START] Task-170_M0 Started Execution
(2020-12-01 23:55:15,451) [FINISH] TASK 167_M0 Finished execution. Total duration - 4004.130
(2020-12-01 23:55:15,453) [START] Task-170_M1 Started Execution
(2020-12-01 23:55:15,593) [FINISH] TASK 161_R1 Finished execution. Total duration - 4003.712
(2020-12-01 23:55:15,596) [START] Task-167_R0 Started Execution
(2020-12-01 23:55:16,138) [FINISH] TASK 166_R0 Finished execution. Total duration - 3002.271
(2020-12-01 23:55:16,139) [START] Task-171_M0 Started Execution
(2020-12-01 23:55:16,282) [FINISH] TASK 164_R0 Finished execution. Total duration - 3002.777
(2020-12-01 23:55:16,284) [START] Task-171_M2 Started Execution
(2020-12-01 23:55:16,435) [FINISH] TASK 165_R0 Finished execution. Total duration - 4004.025
(2020-12-01 23:55:16,437) [START] Task-171_M3 Started Execution
(2020-12-01 23:55:16,598) [FINISH] TASK 167_R0 Finished execution. Total duration - 1001.185
(2020-12-01 23:55:16,599) [START] Task-173_M1 Started Execution
(2020-12-01 23:55:17,005) [FINISH] TASK 168_M0 Finished execution. Total duration - 4004.215
(2020-12-01 23:55:17,009) [START] Task-169_R0 Started Execution
(2020-12-01 23:55:17,096) [FINISH] TASK 170_M0 Finished execution. Total duration - 2002.190
(2020-12-01 23:55:17,097) [START] Task-174_M0 Started Execution
(2020-12-01 23:55:17,439) [FINISH] TASK 171_M3 Finished execution. Total duration - 1001.231
(2020-12-01 23:55:17,440) [START] Task-174_M3 Started Execution
(2020-12-01 23:55:17,600) [FINISH] TASK 173_M1 Finished execution. Total duration - 1001.017
(2020-12-01 23:55:18,065) [START] Task-175_M0 Started Execution
(2020-12-01 23:55:18,287) [FINISH] TASK 171_M2 Finished execution. Total duration - 2002.218
(2020-12-01 23:55:18,456) [FINISH] TASK 170_M1 Finished execution. Total duration - 3002.949
(2020-12-01 23:55:18,467) [START] Task-170_R0 Started Execution
(2020-12-01 23:55:19,011) [FINISH] TASK 169_R0 Finished execution. Total duration - 2001.404
(2020-12-01 23:55:19,577) [START] Task-176_M1 Started Execution
(2020-12-01 23:55:19,829) [START] Task-177_M1 Started Execution
(2020-12-01 23:55:20,100) [FINISH] TASK 174_M0 Finished execution. Total duration - 3002.857
(2020-12-01 23:55:20,101) [START] Task-177_M2 Started Execution
(2020-12-01 23:55:20,143) [FINISH] TASK 171_M0 Finished execution. Total duration - 4003.386
(2020-12-01 23:55:20,149) [START] Task-171_R0 Started Execution
(2020-12-01 23:55:20,442) [FINISH] TASK 174_M3 Finished execution. Total duration - 3002.604
(2020-12-01 23:55:20,444) [START] Task-171_R1 Started Execution
(2020-12-01 23:55:20,469) [FINISH] TASK 170_R0 Finished execution. Total duration - 2002.083
(2020-12-01 23:55:20,471) [START] Task-172_R0 Started Execution
(2020-12-01 23:55:20,578) [FINISH] TASK 176_M1 Finished execution. Total duration - 1001.283
(2020-12-01 23:55:20,580) [START] Task-176_R0 Started Execution
(2020-12-01 23:55:21,472) [FINISH] TASK 172_R0 Finished execution. Total duration - 1001.022
(2020-12-01 23:55:22,068) [FINISH] TASK 175_M0 Finished execution. Total duration - 4003.172
(2020-12-01 23:55:22,108) [START] Task-175_R0 Started Execution
(2020-12-01 23:55:22,256) [START] Task-178_M1 Started Execution
(2020-12-01 23:55:22,832) [FINISH] TASK 177_M1 Finished execution. Total duration - 3002.600
(2020-12-01 23:55:22,836) [START] Task-178_M3 Started Execution
(2020-12-01 23:55:23,448) [FINISH] TASK 171_R1 Finished execution. Total duration - 3003.193
(2020-12-01 23:55:23,588) [FINISH] TASK 176_R0 Finished execution. Total duration - 3007.221
(2020-12-01 23:55:24,104) [FINISH] TASK 177_M2 Finished execution. Total duration - 4003.142
(2020-12-01 23:55:24,126) [FINISH] TASK 175_R0 Finished execution. Total duration - 2002.013
(2020-12-01 23:55:24,153) [FINISH] TASK 171_R0 Finished execution. Total duration - 4004.136
(2020-12-01 23:55:24,259) [FINISH] TASK 178_M1 Finished execution. Total duration - 2002.204
(2020-12-01 23:55:24,330) [START] Task-179_M0 Started Execution
(2020-12-01 23:55:24,504) [START] Task-180_M1 Started Execution
(2020-12-01 23:55:26,477) [START] Task-181_M0 Started Execution
(2020-12-01 23:55:26,479) [START] Task-181_M3 Started Execution
(2020-12-01 23:55:26,839) [FINISH] TASK 178_M3 Finished execution. Total duration - 4002.837
(2020-12-01 23:55:27,113) [START] Task-182_M0 Started Execution
(2020-12-01 23:55:28,332) [FINISH] TASK 179_M0 Finished execution. Total duration - 4001.996
(2020-12-01 23:55:28,481) [FINISH] TASK 181_M3 Finished execution. Total duration - 2002.103
(2020-12-01 23:55:28,508) [FINISH] TASK 180_M1 Finished execution. Total duration - 4004.166
(2020-12-01 23:55:28,561) [START] Task-180_R1 Started Execution
(2020-12-01 23:55:29,053) [START] Task-183_M2 Started Execution
(2020-12-01 23:55:29,127) [FINISH] TASK 182_M0 Finished execution. Total duration - 2002.276
(2020-12-01 23:55:29,138) [START] Task-182_R1 Started Execution
(2020-12-01 23:55:29,526) [START] Task-184_M1 Started Execution
(2020-12-01 23:55:29,527) [START] Task-184_M2 Started Execution
(2020-12-01 23:55:30,140) [FINISH] TASK 182_R1 Finished execution. Total duration - 1001.211
(2020-12-01 23:55:30,482) [FINISH] TASK 181_M0 Finished execution. Total duration - 4003.849
(2020-12-01 23:55:30,528) [FINISH] TASK 184_M1 Finished execution. Total duration - 1001.146
(2020-12-01 23:55:30,528) [FINISH] TASK 184_M2 Finished execution. Total duration - 1001.210
(2020-12-01 23:55:30,850) [START] Task-185_M0 Started Execution
(2020-12-01 23:55:30,851) [START] Task-185_M2 Started Execution
(2020-12-01 23:55:30,942) [START] Task-186_M0 Started Execution
(2020-12-01 23:55:30,942) [START] Task-186_M2 Started Execution
(2020-12-01 23:55:30,943) [START] Task-186_M3 Started Execution
(2020-12-01 23:55:31,564) [FINISH] TASK 180_R1 Finished execution. Total duration - 3002.885
(2020-12-01 23:55:31,852) [FINISH] TASK 185_M2 Finished execution. Total duration - 1000.317
(2020-12-01 23:55:31,944) [FINISH] TASK 186_M3 Finished execution. Total duration - 1001.153
(2020-12-01 23:55:33,056) [FINISH] TASK 183_M2 Finished execution. Total duration - 4003.015
(2020-12-01 23:55:33,094) [START] Task-183_R1 Started Execution
(2020-12-01 23:55:33,617) [START] Task-187_M1 Started Execution
(2020-12-01 23:55:33,618) [START] Task-187_M3 Started Execution
(2020-12-01 23:55:33,853) [FINISH] TASK 185_M0 Finished execution. Total duration - 3002.526
(2020-12-01 23:55:33,945) [FINISH] TASK 186_M0 Finished execution. Total duration - 3003.314
(2020-12-01 23:55:33,945) [FINISH] TASK 186_M2 Finished execution. Total duration - 3002.917
(2020-12-01 23:55:34,484) [START] Task-188_M0 Started Execution
(2020-12-01 23:55:34,891) [START] Task-185_R1 Started Execution
(2020-12-01 23:55:35,892) [FINISH] TASK 185_R1 Finished execution. Total duration - 1000.718
(2020-12-01 23:55:36,097) [FINISH] TASK 183_R1 Finished execution. Total duration - 3003.255
(2020-12-01 23:55:36,487) [FINISH] TASK 188_M0 Finished execution. Total duration - 2002.323
(2020-12-01 23:55:36,498) [START] Task-188_R0 Started Execution
(2020-12-01 23:55:37,620) [FINISH] TASK 187_M1 Finished execution. Total duration - 4003.018
(2020-12-01 23:55:37,620) [FINISH] TASK 187_M3 Finished execution. Total duration - 4002.356
(2020-12-01 23:55:37,875) [START] Task-189_M0 Started Execution
(2020-12-01 23:55:38,703) [START] Task-191_M1 Started Execution
(2020-12-01 23:55:38,876) [FINISH] TASK 189_M0 Finished execution. Total duration - 1000.688
(2020-12-01 23:55:39,500) [FINISH] TASK 188_R0 Finished execution. Total duration - 3002.248
(2020-12-01 23:55:39,743) [START] Task-192_M0 Started Execution
(2020-12-01 23:55:39,745) [START] Task-192_M3 Started Execution
(2020-12-01 23:55:39,865) [START] Task-193_M1 Started Execution
(2020-12-01 23:55:40,390) [START] Task-194_M1 Started Execution
(2020-12-01 23:55:40,391) [START] Task-194_M3 Started Execution
(2020-12-01 23:55:40,533) [START] Task-195_M0 Started Execution
(2020-12-01 23:55:40,747) [FINISH] TASK 192_M3 Finished execution. Total duration - 1001.217
(2020-12-01 23:55:40,750) [START] Task-196_M0 Started Execution
(2020-12-01 23:55:41,391) [FINISH] TASK 194_M1 Finished execution. Total duration - 1001.180
(2020-12-01 23:55:41,397) [START] Task-190_R1 Started Execution
(2020-12-01 23:55:42,393) [FINISH] TASK 194_M3 Finished execution. Total duration - 2001.508
(2020-12-01 23:55:42,394) [START] Task-197_M3 Started Execution
(2020-12-01 23:55:42,707) [FINISH] TASK 191_M1 Finished execution. Total duration - 4003.669
(2020-12-01 23:55:42,745) [FINISH] TASK 192_M0 Finished execution. Total duration - 3002.104
(2020-12-01 23:55:42,751) [FINISH] TASK 196_M0 Finished execution. Total duration - 2001.190
(2020-12-01 23:55:42,782) [START] Task-196_R0 Started Execution
(2020-12-01 23:55:42,782) [START] Task-196_R1 Started Execution
(2020-12-01 23:55:43,395) [FINISH] TASK 197_M3 Finished execution. Total duration - 1000.587
(2020-12-01 23:55:43,399) [FINISH] TASK 190_R1 Finished execution. Total duration - 2002.166
(2020-12-01 23:55:43,784) [FINISH] TASK 196_R0 Finished execution. Total duration - 1001.369
(2020-12-01 23:55:43,784) [FINISH] TASK 196_R1 Finished execution. Total duration - 1002.139
(2020-12-01 23:55:43,869) [FINISH] TASK 193_M1 Finished execution. Total duration - 4003.548
(2020-12-01 23:55:43,881) [START] Task-193_R0 Started Execution
(2020-12-01 23:55:44,034) [START] Task-199_M0 Started Execution
(2020-12-01 23:55:44,034) [START] Task-199_M1 Started Execution
(2020-12-01 23:55:44,034) [START] Task-199_M2 Started Execution
(2020-12-01 23:55:44,538) [FINISH] TASK 195_M0 Finished execution. Total duration - 4004.289
(2020-12-01 23:55:46,038) [START] Task-198_R1 Started Execution
(2020-12-01 23:55:47,037) [FINISH] TASK 199_M2 Finished execution. Total duration - 3002.541
(2020-12-01 23:55:47,040) [FINISH] TASK 198_R1 Finished execution. Total duration - 1001.178
(2020-12-01 23:55:47,884) [FINISH] TASK 193_R0 Finished execution. Total duration - 4002.531
(2020-12-01 23:55:48,038) [FINISH] TASK 199_M0 Finished execution. Total duration - 4004.297
(2020-12-01 23:55:48,038) [FINISH] TASK 199_M1 Finished execution. Total duration - 4004.088
(2020-12-01 23:55:48,075) [START] Task-199_R0 Started Execution
(2020-12-01 23:55:51,077) [FINISH] TASK 199_R0 Finished execution. Total duration - 3002.348
(2020-12-01 23:57:43,012) [START] Task-0_M1 Started Execution
(2020-12-01 23:57:43,285) [START] Task-1_M1 Started Execution
(2020-12-01 23:57:44,012) [START] Task-3_M0 Started Execution
(2020-12-01 23:57:44,013) [START] Task-3_M3 Started Execution
(2020-12-01 23:57:44,014) [FINISH] TASK 0_M1 Finished execution. Total duration - 1001.129
(2020-12-01 23:57:45,013) [FINISH] TASK 3_M0 Finished execution. Total duration - 1001.237
(2020-12-01 23:57:45,052) [START] Task-5_M0 Started Execution
(2020-12-01 23:57:45,054) [START] Task-5_M2 Started Execution
(2020-12-01 23:57:45,055) [START] Task-5_M3 Started Execution
(2020-12-01 23:57:45,335) [START] Task-6_M0 Started Execution
(2020-12-01 23:57:45,883) [START] Task-7_M0 Started Execution
(2020-12-01 23:57:46,288) [FINISH] TASK 1_M1 Finished execution. Total duration - 3002.472
(2020-12-01 23:57:46,815) [START] Task-4_R1 Started Execution
(2020-12-01 23:57:46,885) [FINISH] TASK 7_M0 Finished execution. Total duration - 1001.275
(2020-12-01 23:57:47,028) [START] Task-8_M0 Started Execution
(2020-12-01 23:57:47,055) [FINISH] TASK 5_M0 Finished execution. Total duration - 2002.563
(2020-12-01 23:57:47,056) [FINISH] TASK 5_M2 Finished execution. Total duration - 2001.571
(2020-12-01 23:57:47,058) [FINISH] TASK 5_M3 Finished execution. Total duration - 2003.540
(2020-12-01 23:57:47,059) [START] Task-0_R0 Started Execution
(2020-12-01 23:57:47,815) [FINISH] TASK 4_R1 Finished execution. Total duration - 1000.227
(2020-12-01 23:57:48,016) [FINISH] TASK 3_M3 Finished execution. Total duration - 4002.901
(2020-12-01 23:57:49,060) [FINISH] TASK 0_R0 Finished execution. Total duration - 2001.076
(2020-12-01 23:57:49,069) [START] Task-5_R0 Started Execution
(2020-12-01 23:57:49,339) [FINISH] TASK 6_M0 Finished execution. Total duration - 4003.465
(2020-12-01 23:57:49,652) [START] Task-9_M0 Started Execution
(2020-12-01 23:57:49,653) [START] Task-9_M2 Started Execution
(2020-12-01 23:57:51,031) [FINISH] TASK 8_M0 Finished execution. Total duration - 4002.610
(2020-12-01 23:57:51,067) [START] Task-8_R0 Started Execution
(2020-12-01 23:57:51,798) [START] Task-12_M0 Started Execution
(2020-12-01 23:57:52,073) [FINISH] TASK 5_R0 Finished execution. Total duration - 3003.227
(2020-12-01 23:57:52,656) [FINISH] TASK 9_M2 Finished execution. Total duration - 3003.196
(2020-12-01 23:57:53,069) [FINISH] TASK 8_R0 Finished execution. Total duration - 2001.564
(2020-12-01 23:57:53,655) [FINISH] TASK 9_M0 Finished execution. Total duration - 4002.720
(2020-12-01 23:57:54,147) [START] Task-11_R0 Started Execution
(2020-12-01 23:57:54,354) [START] Task-14_M2 Started Execution
(2020-12-01 23:57:55,356) [FINISH] TASK 14_M2 Finished execution. Total duration - 1001.304
(2020-12-01 23:57:55,802) [FINISH] TASK 12_M0 Finished execution. Total duration - 4003.912
(2020-12-01 23:57:55,813) [START] Task-12_R0 Started Execution
(2020-12-01 23:57:56,494) [START] Task-15_M0 Started Execution
(2020-12-01 23:57:56,767) [START] Task-16_M1 Started Execution
(2020-12-01 23:57:57,150) [FINISH] TASK 11_R0 Finished execution. Total duration - 3003.103
(2020-12-01 23:57:57,380) [START] Task-13_R0 Started Execution
(2020-12-01 23:57:58,769) [FINISH] TASK 16_M1 Finished execution. Total duration - 2001.478
(2020-12-01 23:57:59,381) [FINISH] TASK 13_R0 Finished execution. Total duration - 2001.264
(2020-12-01 23:57:59,497) [FINISH] TASK 15_M0 Finished execution. Total duration - 3002.979
(2020-12-01 23:57:59,817) [FINISH] TASK 12_R0 Finished execution. Total duration - 4004.040
(2020-12-01 23:58:00,781) [START] Task-16_R0 Started Execution
(2020-12-01 23:58:01,783) [FINISH] TASK 16_R0 Finished execution. Total duration - 1001.216
(2020-12-01 23:58:02,529) [START] Task-17_M2 Started Execution
(2020-12-01 23:58:11,784) [START] Task-0_M0 Started Execution
(2020-12-01 23:58:11,865) [START] Task-1_M0 Started Execution
(2020-12-01 23:58:13,026) [START] Task-2_M0 Started Execution
(2020-12-01 23:58:14,718) [START] Task-3_M0 Started Execution
(2020-12-01 23:58:14,718) [START] Task-3_M1 Started Execution
(2020-12-01 23:58:14,719) [START] Task-3_M2 Started Execution
(2020-12-01 23:58:14,719) [START] Task-3_M3 Started Execution
(2020-12-01 23:58:14,787) [FINISH] TASK 0_M0 Finished execution. Total duration - 3003.339
(2020-12-01 23:58:15,028) [FINISH] TASK 2_M0 Finished execution. Total duration - 2002.162
(2020-12-01 23:58:15,869) [FINISH] TASK 1_M0 Finished execution. Total duration - 4004.113
(2020-12-01 23:58:16,721) [FINISH] TASK 3_M2 Finished execution. Total duration - 2002.097
(2020-12-01 23:58:16,721) [FINISH] TASK 3_M3 Finished execution. Total duration - 2001.786
(2020-12-01 23:58:16,722) [START] Task-4_M1 Started Execution
(2020-12-01 23:58:16,722) [START] Task-4_M2 Started Execution
(2020-12-01 23:58:16,723) [START] Task-4_M3 Started Execution
(2020-12-01 23:58:17,721) [FINISH] TASK 3_M0 Finished execution. Total duration - 3003.284
(2020-12-01 23:58:17,724) [FINISH] TASK 4_M2 Finished execution. Total duration - 1001.419
(2020-12-01 23:58:18,722) [FINISH] TASK 3_M1 Finished execution. Total duration - 4003.663
(2020-12-01 23:58:18,733) [START] Task-3_R0 Started Execution
(2020-12-01 23:58:19,735) [FINISH] TASK 3_R0 Finished execution. Total duration - 1001.239
(2020-12-01 23:58:20,254) [START] Task-6_M0 Started Execution
(2020-12-01 23:58:20,254) [START] Task-6_M1 Started Execution
(2020-12-01 23:58:20,255) [START] Task-6_M2 Started Execution
(2020-12-01 23:58:20,725) [FINISH] TASK 4_M1 Finished execution. Total duration - 4003.002
(2020-12-01 23:58:20,727) [FINISH] TASK 4_M3 Finished execution. Total duration - 4004.251
(2020-12-01 23:58:21,764) [START] Task-7_M2 Started Execution
(2020-12-01 23:58:21,764) [START] Task-7_M3 Started Execution
(2020-12-01 23:58:22,256) [FINISH] TASK 6_M0 Finished execution. Total duration - 2002.174
(2020-12-01 23:58:22,257) [FINISH] TASK 6_M2 Finished execution. Total duration - 2002.103
(2020-12-01 23:58:22,644) [START] Task-8_M0 Started Execution
(2020-12-01 23:58:22,765) [FINISH] TASK 7_M2 Finished execution. Total duration - 1001.212
(2020-12-01 23:58:22,766) [FINISH] TASK 7_M3 Finished execution. Total duration - 1001.211
(2020-12-01 23:58:23,256) [FINISH] TASK 6_M1 Finished execution. Total duration - 3001.765
(2020-12-01 23:58:23,267) [START] Task-6_R0 Started Execution
(2020-12-01 23:58:23,267) [START] Task-6_R1 Started Execution
(2020-12-01 23:58:24,268) [FINISH] TASK 6_R1 Finished execution. Total duration - 1000.389
(2020-12-01 23:58:25,401) [START] Task-10_M0 Started Execution
(2020-12-01 23:58:25,402) [START] Task-10_M1 Started Execution
(2020-12-01 23:58:26,270) [FINISH] TASK 6_R0 Finished execution. Total duration - 3002.963
(2020-12-01 23:58:26,403) [FINISH] TASK 10_M0 Finished execution. Total duration - 1001.408
(2020-12-01 23:58:26,461) [START] Task-12_M0 Started Execution
(2020-12-01 23:58:26,462) [START] Task-12_M1 Started Execution
(2020-12-01 23:58:26,462) [START] Task-12_M2 Started Execution
(2020-12-01 23:58:26,522) [START] Task-13_M0 Started Execution
(2020-12-01 23:58:26,523) [START] Task-13_M1 Started Execution
(2020-12-01 23:58:26,648) [FINISH] TASK 8_M0 Finished execution. Total duration - 4004.141
(2020-12-01 23:58:27,463) [FINISH] TASK 12_M1 Finished execution. Total duration - 1001.227
(2020-12-01 23:58:27,463) [FINISH] TASK 12_M2 Finished execution. Total duration - 1001.214
(2020-12-01 23:58:27,523) [FINISH] TASK 13_M0 Finished execution. Total duration - 1000.588
(2020-12-01 23:58:27,524) [FINISH] TASK 13_M1 Finished execution. Total duration - 1000.784
(2020-12-01 23:58:27,671) [START] Task-13_R0 Started Execution
(2020-12-01 23:58:27,671) [START] Task-13_R1 Started Execution
(2020-12-01 23:58:28,672) [FINISH] TASK 13_R1 Finished execution. Total duration - 1000.275
(2020-12-01 23:58:29,406) [FINISH] TASK 10_M1 Finished execution. Total duration - 4004.323
(2020-12-01 23:58:29,417) [START] Task-10_R0 Started Execution
(2020-12-01 23:58:29,418) [START] Task-10_R1 Started Execution
(2020-12-01 23:58:29,464) [FINISH] TASK 12_M0 Finished execution. Total duration - 3002.550
(2020-12-01 23:58:29,475) [START] Task-12_R0 Started Execution
(2020-12-01 23:58:29,475) [START] Task-12_R1 Started Execution
(2020-12-01 23:58:30,419) [FINISH] TASK 10_R1 Finished execution. Total duration - 1001.222
(2020-12-01 23:58:30,674) [FINISH] TASK 13_R0 Finished execution. Total duration - 3002.948
(2020-12-01 23:58:31,420) [FINISH] TASK 10_R0 Finished execution. Total duration - 2002.294
(2020-12-01 23:58:31,476) [FINISH] TASK 12_R0 Finished execution. Total duration - 2001.129
(2020-12-01 23:58:31,477) [FINISH] TASK 12_R1 Finished execution. Total duration - 2001.277
(2020-12-01 23:58:32,009) [START] Task-16_M0 Started Execution
(2020-12-01 23:58:32,368) [START] Task-14_R0 Started Execution
(2020-12-01 23:58:32,368) [START] Task-14_R1 Started Execution
(2020-12-01 23:58:33,464) [START] Task-17_M0 Started Execution
(2020-12-01 23:58:33,868) [START] Task-18_M0 Started Execution
(2020-12-01 23:58:33,868) [START] Task-18_M1 Started Execution
(2020-12-01 23:58:35,012) [FINISH] TASK 16_M0 Finished execution. Total duration - 3002.601
(2020-12-01 23:58:36,372) [FINISH] TASK 14_R1 Finished execution. Total duration - 4003.300
(2020-12-01 23:58:36,372) [FINISH] TASK 14_R0 Finished execution. Total duration - 4004.360
(2020-12-01 23:58:36,467) [FINISH] TASK 17_M0 Finished execution. Total duration - 3003.296
(2020-12-01 23:58:36,473) [START] Task-17_R0 Started Execution
(2020-12-01 23:58:36,474) [START] Task-17_R1 Started Execution
(2020-12-01 23:58:36,871) [FINISH] TASK 18_M0 Finished execution. Total duration - 3002.905
(2020-12-01 23:58:37,872) [FINISH] TASK 18_M1 Finished execution. Total duration - 4003.669
(2020-12-01 23:58:37,883) [START] Task-18_R0 Started Execution
(2020-12-01 23:58:37,883) [START] Task-18_R1 Started Execution
(2020-12-01 23:58:38,884) [FINISH] TASK 18_R1 Finished execution. Total duration - 1000.496
(2020-12-01 23:58:39,476) [FINISH] TASK 17_R0 Finished execution. Total duration - 3002.587
(2020-12-01 23:58:40,477) [FINISH] TASK 17_R1 Finished execution. Total duration - 4003.186
(2020-12-01 23:58:41,887) [FINISH] TASK 18_R0 Finished execution. Total duration - 4004.105
(2020-12-02 00:06:19,743) [START] Task-0_M0 Started Execution
(2020-12-02 00:06:19,743) [START] Task-0_M1 Started Execution
(2020-12-02 00:06:19,875) [START] Task-1_M1 Started Execution
(2020-12-02 00:06:19,986) [START] Task-2_M1 Started Execution
(2020-12-02 00:06:21,019) [START] Task-3_M0 Started Execution
(2020-12-02 00:06:21,745) [FINISH] TASK 0_M0 Finished execution. Total duration - 2002.148
(2020-12-02 00:06:21,879) [START] Task-5_M0 Started Execution
(2020-12-02 00:06:21,881) [START] Task-5_M2 Started Execution
(2020-12-02 00:06:22,782) [START] Task-6_M1 Started Execution
(2020-12-02 00:06:22,882) [FINISH] TASK 5_M2 Finished execution. Total duration - 1000.716
(2020-12-02 00:06:23,747) [FINISH] TASK 0_M1 Finished execution. Total duration - 4003.677
(2020-12-02 00:06:23,758) [START] Task-0_R0 Started Execution
(2020-12-02 00:06:23,879) [FINISH] TASK 1_M1 Finished execution. Total duration - 4003.762
(2020-12-02 00:06:23,881) [FINISH] TASK 5_M0 Finished execution. Total duration - 2001.251
(2020-12-02 00:06:23,890) [START] Task-1_R0 Started Execution
(2020-12-02 00:06:23,890) [START] Task-1_R1 Started Execution
(2020-12-02 00:06:23,990) [FINISH] TASK 2_M1 Finished execution. Total duration - 4002.979
(2020-12-02 00:06:24,026) [START] Task-2_R0 Started Execution
(2020-12-02 00:06:24,179) [START] Task-7_M2 Started Execution
(2020-12-02 00:06:25,023) [FINISH] TASK 3_M0 Finished execution. Total duration - 4003.738
(2020-12-02 00:06:25,029) [START] Task-3_R0 Started Execution
(2020-12-02 00:06:25,892) [FINISH] TASK 1_R0 Finished execution. Total duration - 2002.212
(2020-12-02 00:06:25,895) [START] Task-5_R1 Started Execution
(2020-12-02 00:06:26,760) [FINISH] TASK 0_R0 Finished execution. Total duration - 3002.191
(2020-12-02 00:06:26,787) [FINISH] TASK 6_M1 Finished execution. Total duration - 4004.076
(2020-12-02 00:06:26,893) [FINISH] TASK 1_R1 Finished execution. Total duration - 3002.839
(2020-12-02 00:06:27,137) [START] Task-9_M0 Started Execution
(2020-12-02 00:06:27,139) [START] Task-9_M1 Started Execution
(2020-12-02 00:06:27,141) [START] Task-6_R0 Started Execution
(2020-12-02 00:06:28,030) [FINISH] TASK 2_R0 Finished execution. Total duration - 4003.883
(2020-12-02 00:06:28,140) [FINISH] TASK 9_M1 Finished execution. Total duration - 1000.642
(2020-12-02 00:06:28,147) [START] Task-11_M1 Started Execution
(2020-12-02 00:06:28,150) [START] Task-12_M1 Started Execution
(2020-12-02 00:06:28,184) [FINISH] TASK 7_M2 Finished execution. Total duration - 4003.816
(2020-12-02 00:06:28,898) [FINISH] TASK 5_R1 Finished execution. Total duration - 3002.894
(2020-12-02 00:06:29,033) [FINISH] TASK 3_R0 Finished execution. Total duration - 4004.048
(2020-12-02 00:06:29,144) [FINISH] TASK 6_R0 Finished execution. Total duration - 2002.442
(2020-12-02 00:06:29,152) [FINISH] TASK 12_M1 Finished execution. Total duration - 1001.391
(2020-12-02 00:06:29,153) [START] Task-13_M1 Started Execution
(2020-12-02 00:06:29,154) [START] Task-13_M2 Started Execution
(2020-12-02 00:06:29,156) [START] Task-7_R0 Started Execution
(2020-12-02 00:06:29,672) [START] Task-8_R1 Started Execution
(2020-12-02 00:06:30,156) [FINISH] TASK 13_M2 Finished execution. Total duration - 1000.999
(2020-12-02 00:06:31,082) [START] Task-14_M1 Started Execution
(2020-12-02 00:06:31,082) [START] Task-14_M3 Started Execution
(2020-12-02 00:06:31,142) [FINISH] TASK 9_M0 Finished execution. Total duration - 4003.757
(2020-12-02 00:06:31,153) [START] Task-9_R0 Started Execution
(2020-12-02 00:06:31,155) [FINISH] TASK 13_M1 Finished execution. Total duration - 2001.261
(2020-12-02 00:06:31,158) [FINISH] TASK 7_R0 Finished execution. Total duration - 2001.772
(2020-12-02 00:06:31,160) [START] Task-12_R1 Started Execution
(2020-12-02 00:06:31,675) [FINISH] TASK 8_R1 Finished execution. Total duration - 2002.177
(2020-12-02 00:06:32,151) [FINISH] TASK 11_M1 Finished execution. Total duration - 4003.956
(2020-12-02 00:06:32,154) [START] Task-11_R0 Started Execution
(2020-12-02 00:06:32,155) [START] Task-11_R1 Started Execution
(2020-12-02 00:06:32,155) [FINISH] TASK 9_R0 Finished execution. Total duration - 1001.223
(2020-12-02 00:06:33,012) [START] Task-15_M0 Started Execution
(2020-12-02 00:06:33,084) [FINISH] TASK 14_M3 Finished execution. Total duration - 2001.466
(2020-12-02 00:06:33,156) [FINISH] TASK 11_R0 Finished execution. Total duration - 1001.244
(2020-12-02 00:06:34,556) [START] Task-16_M1 Started Execution
(2020-12-02 00:06:34,557) [START] Task-16_M3 Started Execution
(2020-12-02 00:06:35,086) [FINISH] TASK 14_M1 Finished execution. Total duration - 4004.190
(2020-12-02 00:06:35,163) [FINISH] TASK 12_R1 Finished execution. Total duration - 4003.323
(2020-12-02 00:06:35,395) [START] Task-18_M0 Started Execution
(2020-12-02 00:06:35,528) [START] Task-19_M1 Started Execution
(2020-12-02 00:06:35,557) [FINISH] TASK 16_M1 Finished execution. Total duration - 1000.958
(2020-12-02 00:06:35,710) [START] Task-17_R0 Started Execution
(2020-12-02 00:06:36,016) [FINISH] TASK 15_M0 Finished execution. Total duration - 3003.357
(2020-12-02 00:06:36,027) [START] Task-15_R0 Started Execution
(2020-12-02 00:06:36,158) [FINISH] TASK 11_R1 Finished execution. Total duration - 4002.901
(2020-12-02 00:06:36,711) [FINISH] TASK 17_R0 Finished execution. Total duration - 1001.253
(2020-12-02 00:06:37,397) [FINISH] TASK 18_M0 Finished execution. Total duration - 2001.903
(2020-12-02 00:06:37,408) [START] Task-18_R0 Started Execution
(2020-12-02 00:06:37,559) [FINISH] TASK 16_M3 Finished execution. Total duration - 3002.255
(2020-12-02 00:06:38,531) [FINISH] TASK 19_M1 Finished execution. Total duration - 3003.290
(2020-12-02 00:06:38,595) [START] Task-16_R1 Started Execution
(2020-12-02 00:06:39,544) [START] Task-19_R1 Started Execution
(2020-12-02 00:06:40,031) [FINISH] TASK 15_R0 Finished execution. Total duration - 4003.831
(2020-12-02 00:06:41,412) [FINISH] TASK 18_R0 Finished execution. Total duration - 4003.639
(2020-12-02 00:06:41,598) [FINISH] TASK 16_R1 Finished execution. Total duration - 3002.874
(2020-12-02 00:06:42,547) [FINISH] TASK 19_R1 Finished execution. Total duration - 3003.244
